0 verbose cli /home/matheus/.local/share/zed/node/node-v22.5.1-linux-x64/bin/node /home/matheus/.local/share/zed/node/node-v22.5.1-linux-x64/bin/npm
1 info using npm@10.8.2
2 info using node@v22.5.1
3 silly config load:file:/home/matheus/.local/share/zed/node/node-v22.5.1-linux-x64/lib/node_modules/npm/npmrc
4 silly config load:file:/home/matheus/.npmrc
5 silly config load:file:/home/matheus/.local/share/zed/node/node-v22.5.1-linux-x64/blank_user_npmrc
6 silly config load:file:/home/matheus/.local/share/zed/node/node-v22.5.1-linux-x64/blank_global_npmrc
7 verbose title npm info @tailwindcss/language-server
8 verbose argv "info" "--cache" "/home/matheus/.local/share/zed/node/node-v22.5.1-linux-x64/cache" "--userconfig" "/home/matheus/.local/share/zed/node/node-v22.5.1-linux-x64/blank_user_npmrc" "--globalconfig" "/home/matheus/.local/share/zed/node/node-v22.5.1-linux-x64/blank_global_npmrc" "@tailwindcss/language-server" "--json" "--fetch-retry-mintimeout" "2000" "--fetch-retry-maxtimeout" "5000" "--fetch-timeout" "5000"
9 verbose logfile logs-max:10 dir:/home/matheus/.local/share/zed/node/node-v22.5.1-linux-x64/cache/_logs/2025-07-03T00_25_18_561Z-
10 verbose logfile /home/matheus/.local/share/zed/node/node-v22.5.1-linux-x64/cache/_logs/2025-07-03T00_25_18_561Z-debug-0.log
11 silly logfile done cleaning log files
12 http fetch GET 200 https://registry.npmjs.org/@tailwindcss%2flanguage-server 277ms (cache revalidated)
13 silly view {
13 silly view   '0.14.23': {
13 silly view     _id: '@tailwindcss/language-server@0.14.23',
13 silly view     _rev: '201-d33324a001a1c6b49d0e7aebcd7f361e',
13 silly view     name: '@tailwindcss/language-server',
13 silly view     'dist-tags': {
13 silly view       dev: '0.0.0-dev.3',
13 silly view       insiders: '0.0.0-insiders.acdcb9c',
13 silly view       latest: '0.14.23'
13 silly view     },
13 silly view     versions: [
13 silly view       '0.0.0-dev.0',
13 silly view       '0.0.0-dev.1',
13 silly view       '0.0.0-dev.2',
13 silly view       '0.0.0-dev.3',
13 silly view       '0.0.0-insiders.2888047',
13 silly view       '0.0.0-insiders.4365208',
13 silly view       '0.0.0-insiders.7555415',
13 silly view       '0.0.0-insiders.045dc60',
13 silly view       '0.0.0-insiders.086ffff',
13 silly view       '0.0.0-insiders.0964dbf',
13 silly view       '0.0.0-insiders.0b83e8d',
13 silly view       '0.0.0-insiders.1c24aa5',
13 silly view       '0.0.0-insiders.1cc8e62',
13 silly view       '0.0.0-insiders.20e1448',
13 silly view       '0.0.0-insiders.2599da8',
13 silly view       '0.0.0-insiders.273f6c0',
13 silly view       '0.0.0-insiders.27daab6',
13 silly view       '0.0.0-insiders.28c63d1',
13 silly view       '0.0.0-insiders.28cefbf',
13 silly view       '0.0.0-insiders.2c981a3',
13 silly view       '0.0.0-insiders.2caebd1',
13 silly view       '0.0.0-insiders.3014df5',
13 silly view       '0.0.0-insiders.3682d72',
13 silly view       '0.0.0-insiders.37c4b96',
13 silly view       '0.0.0-insiders.381d70a',
13 silly view       '0.0.0-insiders.396f3d3',
13 silly view       '0.0.0-insiders.3a46554',
13 silly view       '0.0.0-insiders.3b4b5ba',
13 silly view       '0.0.0-insiders.3b88d1d',
13 silly view       '0.0.0-insiders.3c0f17c',
13 silly view       '0.0.0-insiders.3c3c193',
13 silly view       '0.0.0-insiders.3cd88c8',
13 silly view       '0.0.0-insiders.3d0673b',
13 silly view       '0.0.0-insiders.3df6999',
13 silly view       '0.0.0-insiders.3e001bd',
13 silly view       '0.0.0-insiders.3f79be2',
13 silly view       '0.0.0-insiders.3fc767b',
13 silly view       '0.0.0-insiders.405502b',
13 silly view       '0.0.0-insiders.413f4f1',
13 silly view       '0.0.0-insiders.434c7db',
13 silly view       '0.0.0-insiders.437bf3a',
13 silly view       '0.0.0-insiders.4a3c9f7',
13 silly view       '0.0.0-insiders.4b46fc5',
13 silly view       '0.0.0-insiders.4bf3af2',
13 silly view       '0.0.0-insiders.4c594db',
13 silly view       '0.0.0-insiders.4dd357b',
13 silly view       '0.0.0-insiders.4f09c88',
13 silly view       '0.0.0-insiders.4fa07ea',
13 silly view       '0.0.0-insiders.518b271',
13 silly view       '0.0.0-insiders.55050a4',
13 silly view       '0.0.0-insiders.57c7ccc',
13 silly view       '0.0.0-insiders.5dae3c0',
13 silly view       '0.0.0-insiders.5e308e8',
13 silly view       '0.0.0-insiders.6045dc1',
13 silly view       '0.0.0-insiders.6134ab7',
13 silly view       '0.0.0-insiders.618cbfc',
13 silly view       '0.0.0-insiders.61e36ef',
13 silly view       '0.0.0-insiders.65f70e4',
13 silly view       '0.0.0-insiders.67ebfa4',
13 silly view       '0.0.0-insiders.691ab7a',
13 silly view       '0.0.0-insiders.6978d59',
13 silly view       '0.0.0-insiders.6de5173',
13 silly view       '0.0.0-insiders.6eefb57',
13 silly view       '0.0.0-insiders.712b5ff',
13 silly view       '0.0.0-insiders.73843f5',
13 silly view       '0.0.0-insiders.74575d4',
13 silly view       '0.0.0-insiders.745c3ab',
13 silly view       '0.0.0-insiders.74aad3d',
13 silly view       '0.0.0-insiders.78b8ca4',
13 silly view       '0.0.0-insiders.7f503d5',
13 silly view       '0.0.0-insiders.81bfb90',
13 silly view       '0.0.0-insiders.8285ebc',
13 silly view       '0.0.0-insiders.830dc0a',
13 silly view       '0.0.0-insiders.83cd162',
13 silly view       '0.0.0-insiders.868769d',
13 silly view       '0.0.0-insiders.8764dc0',
13 silly view       '0.0.0-insiders.8a39555',
13 silly view       '0.0.0-insiders.8d22df1',
13 silly view       '0.0.0-insiders.8df1bde',
13 silly view       '0.0.0-insiders.901cdf0',
13 silly view       '0.0.0-insiders.908ddd2',
13 silly view       '0.0.0-insiders.909d097',
13 silly view       '0.0.0-insiders.948d520',
13 silly view       '0.0.0-insiders.9a8ce41',
13 silly view       '0.0.0-insiders.9b300e4',
13 silly view       '0.0.0-insiders.9b9a98f',
13 silly view       '0.0.0-insiders.9ccc34d',
13 silly view       '0.0.0-insiders.9d7006d',
13 silly view       '0.0.0-insiders.9dfa540',
13 silly view       '0.0.0-insiders.9fabf47',
13 silly view       '0.0.0-insiders.a094787',
13 silly view       '0.0.0-insiders.a0b6cc1',
13 silly view       '0.0.0-insiders.a13708b',
13 silly view       '0.0.0-insiders.a1b1455',
13 silly view       '0.0.0-insiders.a4ca640',
13 silly view       '0.0.0-insiders.a6a29da',
13 silly view       '0.0.0-insiders.aa3a050',
13 silly view       '0.0.0-insiders.aaa3b70',
13 silly view       '0.0.0-insiders.abb0f9f',
13 silly view       '0.0.0-insiders.ac2f9fa',
13 silly view       ... 97 more items
13 silly view     ],
13 silly view     time: {
13 silly view       created: '2021-07-12T16:50:59.880Z',
13 silly view       modified: '2025-06-19T14:49:32.700Z',
13 silly view       '0.0.1': '2021-07-12T16:51:00.441Z',
13 silly view       '0.0.2': '2021-07-13T17:10:11.829Z',
13 silly view       '0.0.4': '2021-09-10T11:35:23.100Z',
13 silly view       '0.0.5': '2021-11-26T15:19:46.217Z',
13 silly view       '0.0.6': '2022-01-17T15:18:14.910Z',
13 silly view       '0.0.7': '2022-01-17T15:42:17.942Z',
13 silly view       '0.0.8': '2022-09-12T10:12:20.013Z',
13 silly view       '0.0.9': '2022-09-13T16:34:44.747Z',
13 silly view       '0.0.10': '2022-10-20T17:04:02.619Z',
13 silly view       '0.0.0-dev.0': '2023-01-17T19:05:32.761Z',
13 silly view       '0.0.0-dev.1': '2023-01-17T19:26:32.868Z',
13 silly view       '0.0.0-dev.2': '2023-01-18T11:42:15.049Z',
13 silly view       '0.0.0-dev.3': '2023-01-18T11:48:12.208Z',
13 silly view       '0.0.11': '2023-01-31T17:36:26.135Z',
13 silly view       '0.0.12': '2023-03-13T12:27:44.404Z',
13 silly view       '0.0.13': '2023-03-31T10:45:05.776Z',
13 silly view       '0.0.0-insiders.fc7e38d': '2023-08-21T15:44:43.379Z',
13 silly view       '0.0.0-insiders.ac2f9fa': '2023-08-21T16:01:10.209Z',
13 silly view       '0.0.0-insiders.d5268fd': '2023-08-22T11:27:46.518Z',
13 silly view       '0.0.0-insiders.0964dbf': '2023-08-22T13:20:07.522Z',
13 silly view       '0.0.0-insiders.f202bab': '2023-08-29T10:17:09.130Z',
13 silly view       '0.0.0-insiders.9ccc34d': '2023-08-29T10:33:22.111Z',
13 silly view       '0.0.0-insiders.2599da8': '2023-08-30T13:48:03.805Z',
13 silly view       '0.0.0-insiders.1cc8e62': '2023-08-31T14:56:04.846Z',
13 silly view       '0.0.0-insiders.4bf3af2': '2023-09-04T21:08:20.892Z',
13 silly view       '0.0.0-insiders.045dc60': '2023-09-20T12:15:23.445Z',
13 silly view       '0.0.0-insiders.d49a90b': '2023-09-26T13:54:20.490Z',
13 silly view       '0.0.0-insiders.d5dbede': '2023-09-28T08:05:52.436Z',
13 silly view       '0.0.0-insiders.909d097': '2023-09-28T12:52:29.307Z',
13 silly view       '0.0.0-insiders.4f09c88': '2023-10-11T14:01:26.446Z',
13 silly view       '0.0.0-insiders.83cd162': '2023-10-11T16:18:32.328Z',
13 silly view       '0.0.0-insiders.9b9a98f': '2023-10-13T17:45:06.349Z',
13 silly view       '0.0.0-insiders.a4ca640': '2023-10-17T14:51:52.923Z',
13 silly view       '0.0.0-insiders.3c0f17c': '2023-10-18T15:35:48.340Z',
13 silly view       '0.0.0-insiders.3cd88c8': '2023-10-20T18:34:20.536Z',
13 silly view       '0.0.0-insiders.df8857b': '2023-10-27T15:29:24.149Z',
13 silly view       '0.0.0-insiders.3df6999': '2023-10-27T15:32:19.850Z',
13 silly view       '0.0.0-insiders.a13708b': '2023-10-27T16:03:59.376Z',
13 silly view       '0.0.0-insiders.2caebd1': '2023-10-27T17:45:51.755Z',
13 silly view       '0.0.0-insiders.dfef6c1': '2023-10-30T20:38:02.537Z',
13 silly view       '0.0.0-insiders.6eefb57': '2023-10-31T14:40:19.183Z',
13 silly view       '0.0.0-insiders.aa3a050': '2023-11-01T14:50:28.328Z',
13 silly view       '0.0.14': '2023-11-01T14:52:50.662Z',
13 silly view       '0.0.0-insiders.4365208': '2023-11-01T17:17:12.858Z',
13 silly view       '0.0.0-insiders.0b83e8d': '2023-11-02T14:00:22.146Z',
13 silly view       '0.0.0-insiders.9fabf47': '2023-11-09T19:53:13.556Z',
13 silly view       '0.0.0-insiders.6de5173': '2023-12-06T14:06:09.657Z',
13 silly view       '0.0.0-insiders.3a46554': '2023-12-21T21:57:17.985Z',
13 silly view       '0.0.15': '2024-01-03T18:49:15.724Z',
13 silly view       '0.0.0-insiders.6045dc1': '2024-01-03T18:56:36.983Z',
13 silly view       '0.0.0-insiders.9b300e4': '2024-01-05T21:23:21.400Z',
13 silly view       '0.0.0-insiders.3b88d1d': '2024-01-05T21:28:41.889Z',
13 silly view       '0.0.16': '2024-01-05T21:32:10.665Z',
13 silly view       '0.0.0-insiders.8d22df1': '2024-01-29T01:11:41.072Z',
13 silly view       '0.0.0-insiders.74aad3d': '2024-03-05T14:27:17.830Z',
13 silly view       '0.0.0-insiders.78b8ca4': '2024-03-05T14:47:51.508Z',
13 silly view       '0.0.0-insiders.fd42dac': '2024-03-05T16:01:49.074Z',
13 silly view       '0.0.0-insiders.c67c85f': '2024-03-05T17:55:30.432Z',
13 silly view       '0.0.0-insiders.8764dc0': '2024-03-05T19:53:17.814Z',
13 silly view       '0.0.0-insiders.ff6ad9b': '2024-03-05T20:08:20.274Z',
13 silly view       '0.0.0-insiders.c3bbd2f': '2024-03-07T14:51:32.575Z',
13 silly view       '0.0.0-insiders.4b46fc5': '2024-03-11T17:19:07.146Z',
13 silly view       '0.0.0-insiders.8285ebc': '2024-03-12T23:27:42.279Z',
13 silly view       '0.0.0-insiders.948d520': '2024-03-13T20:21:27.955Z',
13 silly view       '0.0.0-insiders.81bfb90': '2024-03-13T20:42:11.292Z',
13 silly view       '0.0.0-insiders.e191eb5': '2024-03-21T14:58:57.589Z',
13 silly view       '0.0.0-insiders.f7534ae': '2024-03-22T13:55:58.143Z',
13 silly view       '0.0.0-insiders.381d70a': '2024-03-22T13:59:17.512Z',
13 silly view       '0.0.0-insiders.37c4b96': '2024-03-26T14:45:19.767Z',
13 silly view       '0.0.0-insiders.cf97d7a': '2024-03-26T15:23:07.211Z',
13 silly view       '0.0.0-insiders.ecce42b': '2024-03-26T22:06:57.642Z',
13 silly view       '0.0.0-insiders.745c3ab': '2024-03-27T09:24:08.111Z',
13 silly view       '0.0.0-insiders.67ebfa4': '2024-03-27T16:26:36.284Z',
13 silly view       '0.0.0-insiders.d25652b': '2024-03-29T01:11:50.754Z',
13 silly view       '0.0.0-insiders.daa8bb2': '2024-04-04T20:41:10.751Z',
13 silly view       '0.0.0-insiders.7f503d5': '2024-04-15T20:19:39.596Z',
13 silly view       '0.0.0-insiders.830dc0a': '2024-04-16T19:47:55.903Z',
13 silly view       '0.0.0-insiders.273f6c0': '2024-04-19T17:10:08.723Z',
13 silly view       '0.0.0-insiders.9d7006d': '2024-04-24T17:15:21.245Z',
13 silly view       '0.0.0-insiders.086ffff': '2024-05-02T11:14:13.485Z',
13 silly view       '0.0.0-insiders.396f3d3': '2024-05-17T22:36:15.424Z',
13 silly view       '0.0.0-insiders.b715097': '2024-05-17T22:59:52.241Z',
13 silly view       '0.0.0-insiders.bbd7b5b': '2024-05-29T13:22:40.064Z',
13 silly view       '0.0.0-insiders.f029cf2': '2024-05-29T14:59:52.849Z',
13 silly view       '0.0.0-insiders.28cefbf': '2024-06-04T12:38:34.445Z',
13 silly view       '0.0.0-insiders.73843f5': '2024-06-17T13:10:16.176Z',
13 silly view       '0.0.0-insiders.d561031': '2024-06-18T15:23:06.266Z',
13 silly view       '0.0.0-insiders.b39c8e0': '2024-06-18T16:08:45.699Z',
13 silly view       '0.0.0-insiders.2888047': '2024-06-18T18:02:47.006Z',
13 silly view       '0.0.0-insiders.3d0673b': '2024-06-22T00:21:36.424Z',
13 silly view       '0.0.0-insiders.e79550d': '2024-06-24T13:25:24.067Z',
13 silly view       '0.0.0-insiders.b2f8eee': '2024-06-24T15:59:44.338Z',
13 silly view       '0.0.0-insiders.ea974b9': '2024-06-24T17:15:49.255Z',
13 silly view       '0.0.0-insiders.c61f4c9': '2024-06-24T17:37:34.137Z',
13 silly view       '0.0.17': '2024-06-24T17:39:55.647Z',
13 silly view       '0.0.18': '2024-06-25T16:21:48.376Z',
13 silly view       '0.0.0-insiders.405502b': '2024-06-26T20:53:07.481Z',
13 silly view       '0.0.0-insiders.413f4f1': '2024-06-27T14:35:50.904Z',
13 silly view       '0.0.0-insiders.28c63d1': '2024-06-27T14:39:51.298Z',
13 silly view       '0.0.0-insiders.9a8ce41': '2024-06-28T19:53:19.779Z',
13 silly view       '0.0.0-insiders.cb62a7f': '2024-06-28T20:01:58.955Z',
13 silly view       '0.0.0-insiders.aaa3b70': '2024-06-28T21:41:44.374Z',
13 silly view       '0.0.0-insiders.7555415': '2024-06-29T11:37:37.768Z',
13 silly view       '0.0.0-insiders.8df1bde': '2024-06-29T11:41:30.450Z',
13 silly view       '0.0.0-insiders.b8ba251': '2024-07-02T01:01:48.755Z',
13 silly view       '0.0.0-insiders.2c981a3': '2024-07-02T17:06:59.538Z',
13 silly view       '0.0.0-insiders.f4b0e54': '2024-07-02T17:55:57.437Z',
13 silly view       '0.0.0-insiders.a094787': '2024-07-02T19:16:26.369Z',
13 silly view       '0.0.0-insiders.908ddd2': '2024-07-03T16:24:16.618Z',
13 silly view       '0.0.19': '2024-07-03T16:30:39.317Z',
13 silly view       '0.0.0-insiders.d9eaeb8': '2024-07-03T16:30:47.899Z',
13 silly view       '0.0.0-insiders.cc2bb07': '2024-07-05T14:23:47.896Z',
13 silly view       '0.0.0-insiders.fdb0df2': '2024-07-05T14:53:29.656Z',
13 silly view       '0.0.20': '2024-07-05T15:05:13.886Z',
13 silly view       '0.0.0-insiders.c91a63e': '2024-07-05T15:05:44.098Z',
13 silly view       '0.0.0-insiders.abb0f9f': '2024-07-10T20:20:24.438Z',
13 silly view       '0.0.21': '2024-07-12T13:15:21.558Z',
13 silly view       '0.0.0-insiders.a0b6cc1': '2024-07-12T13:15:42.042Z',
13 silly view       '0.0.0-insiders.a6a29da': '2024-07-12T13:27:26.743Z',
13 silly view       '0.0.0-insiders.65f70e4': '2024-08-07T14:10:11.258Z',
13 silly view       '0.0.0-insiders.eea9f59': '2024-08-09T15:54:46.917Z',
13 silly view       '0.0.0-insiders.a1b1455': '2024-08-09T16:05:56.935Z',
13 silly view       '0.0.0-insiders.3f79be2': '2024-08-09T16:14:42.614Z',
13 silly view       '0.0.22': '2024-08-09T16:15:50.715Z',
13 silly view       '0.0.0-insiders.3fc767b': '2024-08-16T13:53:30.508Z',
13 silly view       '0.0.0-insiders.74575d4': '2024-08-23T14:10:07.908Z',
13 silly view       '0.0.23': '2024-08-23T14:12:46.582Z',
13 silly view       '0.0.0-insiders.5e308e8': '2024-08-23T14:13:26.034Z',
13 silly view       '0.0.0-insiders.cb09921': '2024-08-28T09:11:00.041Z',
13 silly view       '0.0.0-insiders.3c3c193': '2024-08-28T09:19:25.908Z',
13 silly view       '0.0.24': '2024-08-28T10:17:15.578Z',
13 silly view       '0.0.0-insiders.c2c7cc7': '2024-09-02T19:36:32.706Z',
13 silly view       '0.0.0-insiders.6134ab7': '2024-09-02T20:04:35.335Z',
13 silly view       '0.0.0-insiders.e601610': '2024-09-04T16:33:06.204Z',
13 silly view       '0.0.0-insiders.437bf3a': '2024-09-04T16:38:44.283Z',
13 silly view       '0.0.0-insiders.868769d': '2024-09-04T19:10:00.532Z',
13 silly view       '0.0.0-insiders.4a3c9f7': '2024-09-23T14:10:40.107Z',
13 silly view       '0.0.0-insiders.4dd357b': '2024-09-24T15:59:24.959Z',
13 silly view       '0.0.0-insiders.691ab7a': '2024-09-24T16:05:24.330Z',
13 silly view       '0.0.25': '2024-09-24T16:05:46.901Z',
13 silly view       '0.0.0-insiders.4fa07ea': '2024-09-30T13:18:42.842Z',
13 silly view       '0.0.0-insiders.3e001bd': '2024-10-07T19:45:17.806Z',
13 silly view       '0.0.0-insiders.518b271': '2024-10-07T19:49:29.962Z',
13 silly view       '0.0.0-insiders.901cdf0': '2024-10-21T09:57:03.148Z',
13 silly view       '0.0.0-insiders.bba9b29': '2024-10-29T20:25:21.506Z',
13 silly view       '0.0.26': '2024-10-29T20:28:36.885Z',
13 silly view       '0.0.0-insiders.8a39555': '2024-11-08T13:47:27.081Z',
13 silly view       '0.0.0-insiders.cb0f305': '2024-11-08T13:51:35.716Z',
13 silly view       '0.0.0-insiders.e3cd1f2': '2024-11-08T13:55:46.618Z',
13 silly view       '0.0.0-insiders.712b5ff': '2024-11-08T14:08:04.494Z',
13 silly view       '0.0.0-insiders.3014df5': '2024-11-08T14:57:40.131Z',
13 silly view       '0.0.0-insiders.3b4b5ba': '2024-11-11T15:50:13.411Z',
13 silly view       '0.0.0-insiders.5dae3c0': '2024-11-11T16:27:53.586Z',
13 silly view       '0.0.0-insiders.55050a4': '2024-11-11T17:31:57.682Z',
13 silly view       '0.0.0-insiders.20e1448': '2024-11-15T19:12:56.243Z',
13 silly view       '0.0.0-insiders.27daab6': '2024-11-15T19:59:27.337Z',
13 silly view       '0.0.27': '2024-11-15T19:59:38.794Z',
13 silly view       '0.0.0-insiders.aef7cff': '2024-11-15T20:03:27.731Z',
13 silly view       '0.0.0-insiders.cc8dd1c': '2024-11-22T16:49:23.312Z',
13 silly view       '0.0.0-insiders.b10aba1': '2024-11-22T20:29:26.977Z',
13 silly view       '0.0.0-insiders.6978d59': '2024-12-09T15:06:57.663Z',
13 silly view       '0.0.0-insiders.4c594db': '2024-12-09T15:11:56.343Z',
13 silly view       '0.0.0-insiders.434c7db': '2024-12-11T12:24:25.778Z',
13 silly view       '0.0.0-insiders.db1e849': '2024-12-20T17:19:08.200Z',
13 silly view       '0.0.0-insiders.1c24aa5': '2024-12-21T01:21:50.926Z',
13 silly view       '0.0.0-insiders.3682d72': '2025-01-10T14:54:34.222Z',
13 silly view       '0.0.0-insiders.57c7ccc': '2025-01-10T14:58:41.867Z',
13 silly view       '0.0.0-insiders.61e36ef': '2025-01-10T20:00:42.256Z',
13 silly view       '0.12.18': '2025-01-10T20:12:34.992Z',
13 silly view       '0.0.0-insiders.9dfa540': '2025-01-11T21:41:05.750Z',
13 silly view       '0.0.0-insiders.e871fc9': '2025-01-21T16:20:17.449Z',
13 silly view       '0.0.0-insiders.618cbfc': '2025-01-21T16:24:30.201Z',
13 silly view       '0.0.0-insiders.acdcb9c': '2025-01-21T16:55:04.478Z',
13 silly view       '0.14.0': '2025-01-21T17:52:16.014Z',
13 silly view       '0.14.1': '2025-01-21T19:30:04.322Z',
13 silly view       '0.14.2': '2025-01-29T17:35:12.440Z',
13 silly view       '0.14.3': '2025-02-05T15:28:54.632Z',
13 silly view       '0.14.4': '2025-02-12T14:44:47.509Z',
13 silly view       '0.14.5': '2025-02-17T18:09:35.250Z',
13 silly view       '0.14.6': '2025-02-18T12:50:55.074Z',
13 silly view       '0.14.7': '2025-02-25T16:19:27.876Z',
13 silly view       '0.14.8': '2025-02-26T18:13:03.368Z',
13 silly view       '0.14.9': '2025-03-12T14:52:46.028Z',
13 silly view       '0.14.10': '2025-03-20T19:21:33.066Z',
13 silly view       '0.14.11': '2025-03-20T22:56:29.607Z',
13 silly view       '0.14.12': '2025-03-28T20:42:53.583Z',
13 silly view       '0.14.13': '2025-04-02T14:29:55.581Z',
13 silly view       '0.14.14': '2025-04-07T20:49:18.687Z',
13 silly view       '0.14.15': '2025-04-09T11:18:59.144Z',
13 silly view       '0.14.16': '2025-04-24T17:30:42.802Z',
13 silly view       '0.14.17': '2025-05-15T17:18:52.532Z',
13 silly view       '0.14.18': '2025-05-20T16:02:55.781Z',
13 silly view       '0.14.19': '2025-05-22T22:00:45.030Z',
13 silly view       '0.14.20': '2025-05-29T14:29:49.685Z',
13 silly view       '0.14.21': '2025-06-05T19:42:20.293Z',
13 silly view       '0.14.22': '2025-06-16T17:24:37.852Z',
13 silly view       '0.14.23': '2025-06-19T14:49:32.425Z'
13 silly view     },
13 silly view     bugs: {
13 silly view       url: 'https://github.com/tailwindlabs/tailwindcss-intellisense/issues'
13 silly view     },
13 silly view     license: 'MIT',
13 silly view     homepage: 'https://github.com/tailwindlabs/tailwindcss-intellisense/tree/HEAD/packages/tailwindcss-language-server#readme',
13 silly view     repository: {
13 silly view       type: 'git',
13 silly view       url: 'git+https://github.com/tailwindlabs/tailwindcss-intellisense.git',
13 silly view       directory: 'packages/tailwindcss-language-server'
13 silly view     },
13 silly view     description: 'Tailwind CSS Language Server',
13 silly view     maintainers: [ [Object], [Object], [Object], [Object] ],
13 silly view     readmeFilename: 'README.md',
13 silly view     _contentLength: 745415,
13 silly view     version: '0.14.23',
13 silly view     bin: {
13 silly view       'tailwindcss-language-server': 'bin/tailwindcss-language-server'
13 silly view     },
13 silly view     publishConfig: { access: 'public' },
13 silly view     devDependencies: {
13 silly view       '@parcel/watcher': '2.5.1',
13 silly view       '@parcel/watcher-darwin-x64': '2.5.1',
13 silly view       '@parcel/watcher-darwin-arm64': '2.5.1',
13 silly view       '@parcel/watcher-win32-x64': '2.5.1',
13 silly view       '@parcel/watcher-win32-arm64': '2.5.1',
13 silly view       '@parcel/watcher-linux-x64-glibc': '2.5.1',
13 silly view       '@parcel/watcher-linux-x64-musl': '2.5.1',
13 silly view       '@parcel/watcher-linux-arm64-glibc': '2.5.1',
13 silly view       '@parcel/watcher-linux-arm64-musl': '2.5.1',
13 silly view       '@tailwindcss/aspect-ratio': '0.4.2',
13 silly view       '@tailwindcss/container-queries': '0.1.0',
13 silly view       '@tailwindcss/forms': '0.5.3',
13 silly view       '@tailwindcss/line-clamp': '0.4.2',
13 silly view       '@tailwindcss/oxide': '^4.1.0',
13 silly view       '@tailwindcss/typography': '0.5.7',
13 silly view       '@types/braces': '3.0.1',
13 silly view       '@types/color-name': '^1.1.3',
13 silly view       '@types/culori': '^2.1.0',
13 silly view       '@types/debounce': '1.2.0',
13 silly view       '@types/dlv': '^1.1.4',
13 silly view       '@types/find-up': '^4.0.0',
13 silly view       '@types/license-checker': '^25.0.6',
13 silly view       '@types/node': '^18.19.33',
13 silly view       '@types/normalize-path': '^3.0.2',
13 silly view       '@types/picomatch': '^2.3.3',
13 silly view       '@types/postcss-import': '^14.0.3',
13 silly view       '@types/stack-trace': '^0.0.33',
13 silly view       '@types/vscode': '1.65.0',
13 silly view       browserslist: '^4.23.0',
13 silly view       'bun-types': '^1.1.1',
13 silly view       chokidar: '3.6.0',
13 silly view       'color-name': '1.1.4',
13 silly view       culori: '^4.0.1',
13 silly view       debounce: '1.2.0',
13 silly view       dedent: '^1.5.3',
13 silly view       deepmerge: '4.2.2',
13 silly view       dlv: '1.1.3',
13 silly view       dset: '3.1.4',
13 silly view       'enhanced-resolve': '^5.16.1',
13 silly view       esbuild: '^0.25.5',
13 silly view       'find-up': '5.0.0',
13 silly view       jiti: '^2.3.3',
13 silly view       klona: '2.0.4',
13 silly view       'license-checker': '25.0.1',
13 silly view       minimist: '^1.2.8',
13 silly view       'normalize-path': '3.0.0',
13 silly view       picomatch: '^4.0.1',
13 silly view       'pkg-up': '3.1.0',
13 silly view       postcss: '8.5.4',
13 silly view       'postcss-import': '^16.1.0',
13 silly view       'postcss-load-config': '3.0.1',
13 silly view       'postcss-selector-parser': '6.0.2',
13 silly view       resolve: '1.20.0',
13 silly view       rimraf: '3.0.2',
13 silly view       'stack-trace': '0.0.10',
13 silly view       tailwindcss: '3.4.17',
13 silly view       'tailwindcss-v4': 'npm:tailwindcss@4.1.1',
13 silly view       tinyglobby: '^0.2.12',
13 silly view       tsconfck: '^3.1.4',
13 silly view       'tsconfig-paths': '^4.2.0',
13 silly view       typescript: '5.8.3',
13 silly view       vite: '^6.3.5',
13 silly view       'vite-tsconfig-paths': '^5.1.4',
13 silly view       vitest: '^3.2.1',
13 silly view       'vscode-css-languageservice': '6.3.6',
13 silly view       'vscode-jsonrpc': '8.2.0',
13 silly view       'vscode-languageclient': '8.1.0',
13 silly view       'vscode-languageserver': '8.1.0',
13 silly view       'vscode-languageserver-protocol': '^3.17.5',
13 silly view       'vscode-languageserver-textdocument': '1.0.12',
13 silly view       'vscode-uri': '3.0.2',
13 silly view       '@tailwindcss/language-service': '0.14.23'
13 silly view     },
13 silly view     engines: { node: '>=18.0.0' },
13 silly view     scripts: {
13 silly view       build: 'pnpm run clean && pnpm run _esbuild && pnpm run _esbuild:css && pnpm run hashbang',
13 silly view       _esbuild: 'node ../../esbuild.mjs src/server.ts --outfile=bin/tailwindcss-language-server --minify',
13 silly view       '_esbuild:css': 'node ../../esbuild.mjs src/language/css.ts --outfile=bin/css-language-server --minify',
13 silly view       clean: 'rimraf bin',
13 silly view       hashbang: 'node scripts/hashbang.mjs',
13 silly view       'create-notices-file': 'node scripts/createNoticesFile.mjs',
13 silly view       test: 'vitest',
13 silly view       pretest: 'node tests/prepare.mjs'
13 silly view     },
13 silly view     _integrity: 'sha512-d5PtxJ2VRpD2+qx7mgL6tBnFzEbsKS9EsdLnRp3j14o/3g61iPV8o61UjjkSGr/G7U5hWFaPRIvKrahCbU6Wcw==',
13 silly view     _resolved: '/private/var/folders/l1/s2x00_5s2jxbh4yl5hx86f8w0000gn/T/41f2f3178f6523bc42c8d771b8d7e363/tailwindcss-language-server-0.14.23.tgz',
13 silly view     _from: 'file:tailwindcss-language-server-0.14.23.tgz',
13 silly view     _nodeVersion: '24.1.0',
13 silly view     _npmVersion: '11.3.0',
13 silly view     dist: {
13 silly view       integrity: 'sha512-d5PtxJ2VRpD2+qx7mgL6tBnFzEbsKS9EsdLnRp3j14o/3g61iPV8o61UjjkSGr/G7U5hWFaPRIvKrahCbU6Wcw==',
13 silly view       shasum: '1e8fa614fa71c10770f9b7d15e1a5b5d9adc6a9a',
13 silly view       tarball: 'https://registry.npmjs.org/@tailwindcss/language-server/-/language-server-0.14.23.tgz',
13 silly view       fileCount: 15,
13 silly view       unpackedSize: 10219685,
13 silly view       signatures: [Array]
13 silly view     },
13 silly view     _npmUser: {
13 silly view       name: 'thecrypticace',
13 silly view       email: 'thecrypticace@gmail.com',
13 silly view       actor: [Object]
13 silly view     },
13 silly view     directories: {},
13 silly view     _npmOperationalInternal: {
13 silly view       host: 's3://npm-registry-packages-npm-production',
13 silly view       tmp: 'tmp/language-server_0.14.23_1750344572186_0.1950710714643613'
13 silly view     },
13 silly view     _hasShrinkwrap: false
13 silly view   }
13 silly view }
14 verbose cwd /home/matheus
15 verbose os Linux 6.15.4-4-cachyos
16 verbose node v22.5.1
17 verbose npm  v10.8.2
18 verbose exit 0
19 info ok
