0 verbose cli /home/matheus/.local/share/zed/node/node-v22.5.1-linux-x64/bin/node /home/matheus/.local/share/zed/node/node-v22.5.1-linux-x64/bin/npm
1 info using npm@10.8.2
2 info using node@v22.5.1
3 silly config load:file:/home/matheus/.local/share/zed/node/node-v22.5.1-linux-x64/lib/node_modules/npm/npmrc
4 silly config load:file:/home/matheus/.local/share/zed/extensions/work/html/.npmrc
5 silly config load:file:/home/matheus/.local/share/zed/node/node-v22.5.1-linux-x64/blank_user_npmrc
6 silly config load:file:/home/matheus/.local/share/zed/node/node-v22.5.1-linux-x64/blank_global_npmrc
7 verbose title npm install @zed-industries/vscode-langservers-extracted@4.10.6
8 verbose argv "install" "--cache" "/home/matheus/.local/share/zed/node/node-v22.5.1-linux-x64/cache" "--userconfig" "/home/matheus/.local/share/zed/node/node-v22.5.1-linux-x64/blank_user_npmrc" "--globalconfig" "/home/matheus/.local/share/zed/node/node-v22.5.1-linux-x64/blank_global_npmrc" "@zed-industries/vscode-langservers-extracted@4.10.6" "--save-exact" "--fetch-retry-mintimeout" "2000" "--fetch-retry-maxtimeout" "5000" "--fetch-timeout" "5000" "--prefix" "/home/matheus/.local/share/zed/extensions/work/html"
9 verbose logfile logs-max:10 dir:/home/matheus/.local/share/zed/node/node-v22.5.1-linux-x64/cache/_logs/2025-07-03T00_25_01_809Z-
10 verbose logfile /home/matheus/.local/share/zed/node/node-v22.5.1-linux-x64/cache/_logs/2025-07-03T00_25_01_809Z-debug-0.log
11 silly packumentCache heap:4345298944 maxSize:1086324736 maxEntrySize:543162368
12 silly logfile done cleaning log files
13 silly idealTree buildDeps
14 silly fetch manifest @zed-industries/vscode-langservers-extracted@4.10.6
15 silly packumentCache full:https://registry.npmjs.org/@zed-industries%2fvscode-langservers-extracted cache-miss
16 http fetch GET 200 https://registry.npmjs.org/@zed-industries%2fvscode-langservers-extracted 17ms (cache hit)
17 silly packumentCache full:https://registry.npmjs.org/@zed-industries%2fvscode-langservers-extracted set size:19604 disposed:false
18 silly placeDep ROOT @zed-industries/vscode-langservers-extracted@4.10.6 OK for:  want: 4.10.6
19 silly fetch manifest @types/node@^20.12.12
20 silly packumentCache full:https://registry.npmjs.org/@types%2fnode cache-miss
21 silly fetch manifest @vscode/l10n@^0.0.18
22 silly packumentCache full:https://registry.npmjs.org/@vscode%2fl10n cache-miss
23 silly fetch manifest core-js@^3.37.1
24 silly packumentCache full:https://registry.npmjs.org/core-js cache-miss
25 silly fetch manifest jsonc-parser@^3.2.1
26 silly packumentCache full:https://registry.npmjs.org/jsonc-parser cache-miss
27 silly fetch manifest regenerator-runtime@^0.13.9
28 silly packumentCache full:https://registry.npmjs.org/regenerator-runtime cache-miss
29 silly fetch manifest request-light@^0.7.0
30 silly packumentCache full:https://registry.npmjs.org/request-light cache-miss
31 silly fetch manifest semver@^7.6.1
32 silly packumentCache full:https://registry.npmjs.org/semver cache-miss
33 silly fetch manifest typescript@^5.4.5
34 silly packumentCache full:https://registry.npmjs.org/typescript cache-miss
35 silly fetch manifest vscode-css-languageservice@^6.2.14
36 silly packumentCache full:https://registry.npmjs.org/vscode-css-languageservice cache-miss
37 silly fetch manifest vscode-html-languageservice@^5.2.0
38 silly packumentCache full:https://registry.npmjs.org/vscode-html-languageservice cache-miss
39 silly fetch manifest vscode-json-languageservice@^5.3.11
40 silly packumentCache full:https://registry.npmjs.org/vscode-json-languageservice cache-miss
41 silly fetch manifest @zed-industries/vscode-languageserver@10.0.0-next.3
42 silly packumentCache full:https://registry.npmjs.org/@zed-industries%2fvscode-languageserver cache-miss
43 silly fetch manifest vscode-languageserver-textdocument@^1.0.11
44 silly packumentCache full:https://registry.npmjs.org/vscode-languageserver-textdocument cache-miss
45 silly fetch manifest vscode-languageserver-types@^3.17.5
46 silly packumentCache full:https://registry.npmjs.org/vscode-languageserver-types cache-miss
47 silly fetch manifest vscode-markdown-languageservice@^0.5.0-alpha.6
48 silly packumentCache full:https://registry.npmjs.org/vscode-markdown-languageservice cache-miss
49 silly fetch manifest vscode-nls@^5.2.0
50 silly packumentCache full:https://registry.npmjs.org/vscode-nls cache-miss
51 silly fetch manifest vscode-uri@^3.0.8
52 silly packumentCache full:https://registry.npmjs.org/vscode-uri cache-miss
53 http fetch GET 200 https://registry.npmjs.org/vscode-html-languageservice 220ms (cache revalidated)
54 silly packumentCache full:https://registry.npmjs.org/vscode-html-languageservice set size:508319 disposed:false
55 http fetch GET 200 https://registry.npmjs.org/jsonc-parser 232ms (cache revalidated)
56 silly packumentCache full:https://registry.npmjs.org/jsonc-parser set size:122648 disposed:false
57 http fetch GET 200 https://registry.npmjs.org/semver 243ms (cache revalidated)
58 silly packumentCache full:https://registry.npmjs.org/semver set size:224186 disposed:false
59 http fetch GET 200 https://registry.npmjs.org/typescript 275ms (cache revalidated)
60 silly packumentCache full:https://registry.npmjs.org/typescript set size:14370093 disposed:false
61 http fetch GET 200 https://registry.npmjs.org/vscode-nls 409ms (cache revalidated)
62 silly packumentCache full:https://registry.npmjs.org/vscode-nls set size:100194 disposed:false
63 http fetch GET 200 https://registry.npmjs.org/request-light 417ms (cache revalidated)
64 silly packumentCache full:https://registry.npmjs.org/request-light set size:72847 disposed:false
65 http fetch GET 200 https://registry.npmjs.org/regenerator-runtime 420ms (cache revalidated)
66 silly packumentCache full:https://registry.npmjs.org/regenerator-runtime set size:59671 disposed:false
67 http fetch GET 200 https://registry.npmjs.org/vscode-languageserver-textdocument 418ms (cache revalidated)
68 silly packumentCache full:https://registry.npmjs.org/vscode-languageserver-textdocument set size:66497 disposed:false
69 http fetch GET 200 https://registry.npmjs.org/vscode-uri 418ms (cache revalidated)
70 silly packumentCache full:https://registry.npmjs.org/vscode-uri set size:75563 disposed:false
71 http fetch GET 200 https://registry.npmjs.org/vscode-languageserver-types 420ms (cache revalidated)
72 silly packumentCache full:https://registry.npmjs.org/vscode-languageserver-types set size:307546 disposed:false
73 http fetch GET 200 https://registry.npmjs.org/vscode-css-languageservice 426ms (cache revalidated)
74 silly packumentCache full:https://registry.npmjs.org/vscode-css-languageservice set size:676096 disposed:false
75 http fetch GET 200 https://registry.npmjs.org/vscode-json-languageservice 432ms (cache revalidated)
76 silly packumentCache full:https://registry.npmjs.org/vscode-json-languageservice set size:521446 disposed:false
77 http fetch GET 200 https://registry.npmjs.org/core-js 441ms (cache revalidated)
78 silly packumentCache full:https://registry.npmjs.org/core-js set size:763556 disposed:false
79 http fetch GET 200 https://registry.npmjs.org/@vscode%2fl10n 457ms (cache revalidated)
80 silly packumentCache full:https://registry.npmjs.org/@vscode%2fl10n set size:58396 disposed:false
81 http fetch GET 200 https://registry.npmjs.org/@types%2fnode 670ms (cache miss)
82 silly packumentCache full:https://registry.npmjs.org/@types%2fnode set size:undefined disposed:false
83 http fetch GET 200 https://registry.npmjs.org/vscode-markdown-languageservice 908ms (cache revalidated)
84 silly packumentCache full:https://registry.npmjs.org/vscode-markdown-languageservice set size:191622 disposed:false
85 http fetch GET 200 https://registry.npmjs.org/@zed-industries%2fvscode-languageserver 1751ms (cache miss)
86 silly packumentCache full:https://registry.npmjs.org/@zed-industries%2fvscode-languageserver set size:undefined disposed:false
87 silly placeDep ROOT @types/node@20.19.4 OK for: @zed-industries/vscode-langservers-extracted@4.10.6 want: ^20.12.12
88 silly placeDep ROOT @vscode/l10n@0.0.18 OK for: @zed-industries/vscode-langservers-extracted@4.10.6 want: ^0.0.18
89 silly placeDep ROOT @zed-industries/vscode-languageserver@10.0.0-next.3 OK for: @zed-industries/vscode-langservers-extracted@4.10.6 want: 10.0.0-next.3
90 silly placeDep ROOT core-js@3.43.0 OK for: @zed-industries/vscode-langservers-extracted@4.10.6 want: ^3.37.1
91 silly placeDep ROOT jsonc-parser@3.3.1 OK for: @zed-industries/vscode-langservers-extracted@4.10.6 want: ^3.2.1
92 silly placeDep ROOT regenerator-runtime@0.13.11 OK for: @zed-industries/vscode-langservers-extracted@4.10.6 want: ^0.13.9
93 silly placeDep ROOT request-light@0.7.0 OK for: @zed-industries/vscode-langservers-extracted@4.10.6 want: ^0.7.0
94 silly placeDep ROOT semver@7.7.2 OK for: @zed-industries/vscode-langservers-extracted@4.10.6 want: ^7.6.1
95 silly placeDep ROOT typescript@5.8.3 OK for: @zed-industries/vscode-langservers-extracted@4.10.6 want: ^5.4.5
96 silly placeDep ROOT vscode-css-languageservice@6.3.7 OK for: @zed-industries/vscode-langservers-extracted@4.10.6 want: ^6.2.14
97 silly placeDep ROOT vscode-html-languageservice@5.5.1 OK for: @zed-industries/vscode-langservers-extracted@4.10.6 want: ^5.2.0
98 silly placeDep ROOT vscode-json-languageservice@5.6.1 OK for: @zed-industries/vscode-langservers-extracted@4.10.6 want: ^5.3.11
99 silly placeDep ROOT vscode-languageserver-textdocument@1.0.12 OK for: @zed-industries/vscode-langservers-extracted@4.10.6 want: ^1.0.11
100 silly placeDep ROOT vscode-languageserver-types@3.17.5 OK for: @zed-industries/vscode-langservers-extracted@4.10.6 want: ^3.17.5
101 silly placeDep ROOT vscode-markdown-languageservice@0.5.0-alpha.10 OK for: @zed-industries/vscode-langservers-extracted@4.10.6 want: ^0.5.0-alpha.6
102 silly placeDep ROOT vscode-nls@5.2.0 OK for: @zed-industries/vscode-langservers-extracted@4.10.6 want: ^5.2.0
103 silly placeDep ROOT vscode-uri@3.1.0 OK for: @zed-industries/vscode-langservers-extracted@4.10.6 want: ^3.0.8
104 silly fetch manifest undici-types@~6.21.0
105 silly packumentCache full:https://registry.npmjs.org/undici-types cache-miss
106 silly fetch manifest @types/node@16.11.43
107 silly packumentCache full:https://registry.npmjs.org/@types%2fnode cache-miss
108 silly fetch manifest vscode-languageserver-protocol@3.17.6-next.4
109 silly packumentCache full:https://registry.npmjs.org/vscode-languageserver-protocol cache-miss
110 silly fetch manifest vscode-languageserver-textdocument@^1.0.12
111 silly packumentCache full:https://registry.npmjs.org/vscode-languageserver-textdocument cache-hit
112 silly fetch manifest vscode-languageserver-types@3.17.5
113 silly packumentCache full:https://registry.npmjs.org/vscode-languageserver-types cache-hit
114 silly fetch manifest vscode-uri@^3.1.0
115 silly packumentCache full:https://registry.npmjs.org/vscode-uri cache-hit
116 silly fetch manifest vscode-languageserver-textdocument@^1.0.12
117 silly packumentCache full:https://registry.npmjs.org/vscode-languageserver-textdocument cache-hit
118 silly fetch manifest vscode-uri@^3.1.0
119 silly packumentCache full:https://registry.npmjs.org/vscode-uri cache-hit
120 silly fetch manifest vscode-languageserver-textdocument@^1.0.12
121 silly packumentCache full:https://registry.npmjs.org/vscode-languageserver-textdocument cache-hit
122 silly fetch manifest vscode-uri@^3.1.0
123 silly packumentCache full:https://registry.npmjs.org/vscode-uri cache-hit
124 silly fetch manifest @vscode/l10n@^0.0.10
125 silly packumentCache full:https://registry.npmjs.org/@vscode%2fl10n cache-hit
126 silly fetch manifest node-html-parser@^6.1.5
127 silly packumentCache full:https://registry.npmjs.org/node-html-parser cache-miss
128 silly fetch manifest picomatch@^2.3.1
129 silly packumentCache full:https://registry.npmjs.org/picomatch cache-miss
130 silly fetch manifest vscode-languageserver-protocol@^3.17.1
131 silly packumentCache full:https://registry.npmjs.org/vscode-languageserver-protocol cache-miss
132 silly fetch manifest vscode-uri@^3.0.7
133 silly packumentCache full:https://registry.npmjs.org/vscode-uri cache-hit
134 http fetch GET 200 https://registry.npmjs.org/@types%2fnode 43ms (cache hit)
135 silly packumentCache full:https://registry.npmjs.org/@types%2fnode set size:10360744 disposed:false
136 http fetch GET 200 https://registry.npmjs.org/picomatch 159ms (cache revalidated)
137 silly packumentCache full:https://registry.npmjs.org/picomatch set size:116191 disposed:false
138 http fetch GET 200 https://registry.npmjs.org/vscode-languageserver-protocol 161ms (cache revalidated)
139 silly packumentCache full:https://registry.npmjs.org/vscode-languageserver-protocol set size:474782 disposed:false
140 http fetch GET 200 https://registry.npmjs.org/vscode-languageserver-protocol 170ms (cache revalidated)
141 silly packumentCache full:https://registry.npmjs.org/vscode-languageserver-protocol set size:474782 disposed:false
142 silly packumentCache full:https://registry.npmjs.org/vscode-languageserver-protocol dispose
143 http fetch GET 200 https://registry.npmjs.org/node-html-parser 176ms (cache revalidated)
144 silly packumentCache full:https://registry.npmjs.org/node-html-parser set size:495049 disposed:false
145 http fetch GET 200 https://registry.npmjs.org/undici-types 195ms (cache miss)
146 silly packumentCache full:https://registry.npmjs.org/undici-types set size:undefined disposed:false
147 silly placeDep ROOT undici-types@6.21.0 OK for: @types/node@20.19.4 want: ~6.21.0
148 silly placeDep node_modules/@zed-industries/vscode-languageserver @types/node@16.11.43 OK for: @zed-industries/vscode-languageserver@10.0.0-next.3 want: 16.11.43
149 silly placeDep ROOT vscode-languageserver-protocol@3.17.6-next.4 OK for: @zed-industries/vscode-languageserver@10.0.0-next.3 want: 3.17.6-next.4
150 silly fetch manifest vscode-jsonrpc@9.0.0-next.2
151 silly packumentCache full:https://registry.npmjs.org/vscode-jsonrpc cache-miss
152 silly fetch manifest vscode-languageserver-types@3.17.6-next.3
153 silly packumentCache full:https://registry.npmjs.org/vscode-languageserver-types cache-hit
154 http fetch GET 200 https://registry.npmjs.org/vscode-jsonrpc 67ms (cache revalidated)
155 silly packumentCache full:https://registry.npmjs.org/vscode-jsonrpc set size:373323 disposed:false
156 silly placeDep ROOT vscode-jsonrpc@9.0.0-next.2 OK for: vscode-languageserver-protocol@3.17.6-next.4 want: 9.0.0-next.2
157 silly placeDep node_modules/vscode-languageserver-protocol vscode-languageserver-types@3.17.6-next.3 OK for: vscode-languageserver-protocol@3.17.6-next.4 want: 3.17.6-next.3
158 silly placeDep node_modules/vscode-markdown-languageservice @vscode/l10n@0.0.10 OK for: vscode-markdown-languageservice@0.5.0-alpha.10 want: ^0.0.10
159 silly placeDep ROOT node-html-parser@6.1.13 OK for: vscode-markdown-languageservice@0.5.0-alpha.10 want: ^6.1.5
160 silly placeDep ROOT picomatch@2.3.1 OK for: vscode-markdown-languageservice@0.5.0-alpha.10 want: ^2.3.1
161 silly placeDep node_modules/vscode-markdown-languageservice vscode-languageserver-protocol@3.17.5 OK for: vscode-markdown-languageservice@0.5.0-alpha.10 want: ^3.17.1
162 silly fetch manifest he@1.2.0
163 silly packumentCache full:https://registry.npmjs.org/he cache-miss
164 silly fetch manifest css-select@^5.1.0
165 silly packumentCache full:https://registry.npmjs.org/css-select cache-miss
166 silly fetch manifest vscode-jsonrpc@8.2.0
167 silly packumentCache full:https://registry.npmjs.org/vscode-jsonrpc cache-hit
168 http fetch GET 200 https://registry.npmjs.org/css-select 59ms (cache revalidated)
169 silly packumentCache full:https://registry.npmjs.org/css-select set size:108855 disposed:false
170 http fetch GET 200 https://registry.npmjs.org/he 66ms (cache revalidated)
171 silly packumentCache full:https://registry.npmjs.org/he set size:58773 disposed:false
172 silly placeDep ROOT css-select@5.2.2 OK for: node-html-parser@6.1.13 want: ^5.1.0
173 silly placeDep ROOT he@1.2.0 OK for: node-html-parser@6.1.13 want: 1.2.0
174 silly fetch manifest boolbase@^1.0.0
175 silly packumentCache full:https://registry.npmjs.org/boolbase cache-miss
176 silly fetch manifest css-what@^6.1.0
177 silly packumentCache full:https://registry.npmjs.org/css-what cache-miss
178 silly fetch manifest domutils@^3.0.1
179 silly packumentCache full:https://registry.npmjs.org/domutils cache-miss
180 silly fetch manifest nth-check@^2.0.1
181 silly packumentCache full:https://registry.npmjs.org/nth-check cache-miss
182 silly fetch manifest domhandler@^5.0.2
183 silly packumentCache full:https://registry.npmjs.org/domhandler cache-miss
184 http fetch GET 200 https://registry.npmjs.org/domhandler 64ms (cache revalidated)
185 silly packumentCache full:https://registry.npmjs.org/domhandler set size:73302 disposed:false
186 http fetch GET 200 https://registry.npmjs.org/nth-check 70ms (cache revalidated)
187 silly packumentCache full:https://registry.npmjs.org/nth-check set size:22975 disposed:false
188 http fetch GET 200 https://registry.npmjs.org/css-what 78ms (cache revalidated)
189 silly packumentCache full:https://registry.npmjs.org/css-what set size:79771 disposed:false
190 http fetch GET 200 https://registry.npmjs.org/boolbase 83ms (cache revalidated)
191 silly packumentCache full:https://registry.npmjs.org/boolbase set size:2158 disposed:false
192 http fetch GET 200 https://registry.npmjs.org/domutils 90ms (cache revalidated)
193 silly packumentCache full:https://registry.npmjs.org/domutils set size:102774 disposed:false
194 silly placeDep ROOT boolbase@1.0.0 OK for: css-select@5.2.2 want: ^1.0.0
195 silly placeDep ROOT css-what@6.2.2 OK for: css-select@5.2.2 want: ^6.1.0
196 silly placeDep ROOT domhandler@5.0.3 OK for: css-select@5.2.2 want: ^5.0.2
197 silly placeDep ROOT domutils@3.2.2 OK for: css-select@5.2.2 want: ^3.0.1
198 silly placeDep ROOT nth-check@2.1.1 OK for: css-select@5.2.2 want: ^2.0.1
199 silly fetch manifest domelementtype@^2.3.0
200 silly packumentCache full:https://registry.npmjs.org/domelementtype cache-miss
201 silly fetch manifest dom-serializer@^2.0.0
202 silly packumentCache full:https://registry.npmjs.org/dom-serializer cache-miss
203 silly fetch manifest domelementtype@^2.3.0
204 silly packumentCache full:https://registry.npmjs.org/domelementtype cache-miss
205 http fetch GET 200 https://registry.npmjs.org/domelementtype 43ms (cache revalidated)
206 silly packumentCache full:https://registry.npmjs.org/domelementtype set size:30947 disposed:false
207 http fetch GET 200 https://registry.npmjs.org/dom-serializer 60ms (cache revalidated)
208 silly packumentCache full:https://registry.npmjs.org/dom-serializer set size:52163 disposed:false
209 http fetch GET 200 https://registry.npmjs.org/domelementtype 74ms (cache revalidated)
210 silly packumentCache full:https://registry.npmjs.org/domelementtype set size:30947 disposed:false
211 silly packumentCache full:https://registry.npmjs.org/domelementtype dispose
212 silly placeDep ROOT domelementtype@2.3.0 OK for: domhandler@5.0.3 want: ^2.3.0
213 silly placeDep ROOT dom-serializer@2.0.0 OK for: domutils@3.2.2 want: ^2.0.0
214 silly fetch manifest entities@^4.2.0
215 silly packumentCache full:https://registry.npmjs.org/entities cache-miss
216 http fetch GET 200 https://registry.npmjs.org/entities 58ms (cache revalidated)
217 silly packumentCache full:https://registry.npmjs.org/entities set size:91413 disposed:false
218 silly placeDep ROOT entities@4.5.0 OK for: dom-serializer@2.0.0 want: ^4.2.0
219 silly placeDep node_modules/vscode-markdown-languageservice vscode-jsonrpc@8.2.0 OK for: vscode-languageserver-protocol@3.17.5 want: 8.2.0
220 silly reify moves {}
221 silly tarball no local data for vscode-jsonrpc@https://registry.npmjs.org/vscode-jsonrpc/-/vscode-jsonrpc-9.0.0-next.2.tgz. Extracting by manifest.
222 silly tarball no local data for vscode-languageserver-protocol@https://registry.npmjs.org/vscode-languageserver-protocol/-/vscode-languageserver-protocol-3.17.6-next.4.tgz. Extracting by manifest.
223 silly tarball no local data for undici-types@https://registry.npmjs.org/undici-types/-/undici-types-6.21.0.tgz. Extracting by manifest.
224 silly tarball no local data for typescript@https://registry.npmjs.org/typescript/-/typescript-5.8.3.tgz. Extracting by manifest.
225 silly tarball no local data for @zed-industries/vscode-languageserver@https://registry.npmjs.org/@zed-industries/vscode-languageserver/-/vscode-languageserver-10.0.0-next.3.tgz. Extracting by manifest.
226 silly tarball no local data for @types/node@https://registry.npmjs.org/@types/node/-/node-20.19.4.tgz. Extracting by manifest.
227 silly tarball no local data for @zed-industries/vscode-langservers-extracted@https://registry.npmjs.org/@zed-industries/vscode-langservers-extracted/-/vscode-langservers-extracted-4.10.6.tgz. Extracting by manifest.
228 silly tarball no local data for vscode-languageserver-types@https://registry.npmjs.org/vscode-languageserver-types/-/vscode-languageserver-types-3.17.6-next.3.tgz. Extracting by manifest.
229 silly tarball no local data for @types/node@https://registry.npmjs.org/@types/node/-/node-16.11.43.tgz. Extracting by manifest.
230 http fetch GET 200 https://registry.npmjs.org/undici-types/-/undici-types-6.21.0.tgz 347ms (cache miss)
231 http fetch GET 200 https://registry.npmjs.org/vscode-languageserver-types/-/vscode-languageserver-types-3.17.6-next.3.tgz 351ms (cache miss)
232 http fetch GET 200 https://registry.npmjs.org/vscode-jsonrpc/-/vscode-jsonrpc-9.0.0-next.2.tgz 378ms (cache miss)
233 http fetch GET 200 https://registry.npmjs.org/vscode-languageserver-protocol/-/vscode-languageserver-protocol-3.17.6-next.4.tgz 417ms (cache miss)
234 http fetch GET 200 https://registry.npmjs.org/@types/node/-/node-20.19.4.tgz 479ms (cache miss)
235 http fetch GET 200 https://registry.npmjs.org/@zed-industries/vscode-languageserver/-/vscode-languageserver-10.0.0-next.3.tgz 770ms (cache miss)
236 http fetch GET 200 https://registry.npmjs.org/@zed-industries/vscode-langservers-extracted/-/vscode-langservers-extracted-4.10.6.tgz 778ms (cache miss)
237 http fetch GET 200 https://registry.npmjs.org/typescript/-/typescript-5.8.3.tgz 919ms (cache miss)
238 http fetch GET 200 https://registry.npmjs.org/@types/node/-/node-16.11.43.tgz 916ms (cache miss)
239 info run core-js@3.43.0 postinstall node_modules/core-js node -e "try{require('./postinstall')}catch(e){}"
240 info run core-js@3.43.0 postinstall { code: 0, signal: null }
241 silly ADD node_modules/entities
242 silly ADD node_modules/dom-serializer
243 silly ADD node_modules/domelementtype
244 silly ADD node_modules/nth-check
245 silly ADD node_modules/domutils
246 silly ADD node_modules/domhandler
247 silly ADD node_modules/css-what
248 silly ADD node_modules/boolbase
249 silly ADD node_modules/he
250 silly ADD node_modules/css-select
251 silly ADD node_modules/picomatch
252 silly ADD node_modules/node-html-parser
253 silly ADD node_modules/vscode-jsonrpc
254 silly ADD node_modules/vscode-languageserver-protocol
255 silly ADD node_modules/vscode-languageserver-protocol/node_modules/vscode-languageserver-types
256 silly ADD node_modules/undici-types
257 silly ADD node_modules/vscode-uri
258 silly ADD node_modules/vscode-nls
259 silly ADD node_modules/vscode-markdown-languageservice
260 silly ADD node_modules/vscode-markdown-languageservice/node_modules/vscode-jsonrpc
261 silly ADD node_modules/vscode-markdown-languageservice/node_modules/vscode-languageserver-protocol
262 silly ADD node_modules/vscode-markdown-languageservice/node_modules/@vscode/l10n
263 silly ADD node_modules/vscode-languageserver-types
264 silly ADD node_modules/vscode-languageserver-textdocument
265 silly ADD node_modules/vscode-json-languageservice
266 silly ADD node_modules/vscode-html-languageservice
267 silly ADD node_modules/vscode-css-languageservice
268 silly ADD node_modules/typescript
269 silly ADD node_modules/semver
270 silly ADD node_modules/request-light
271 silly ADD node_modules/regenerator-runtime
272 silly ADD node_modules/jsonc-parser
273 silly ADD node_modules/core-js
274 silly ADD node_modules/@zed-industries/vscode-languageserver
275 silly ADD node_modules/@zed-industries/vscode-languageserver/node_modules/@types/node
276 silly ADD node_modules/@vscode/l10n
277 silly ADD node_modules/@types/node
278 silly ADD node_modules/@zed-industries/vscode-langservers-extracted
279 verbose cwd /home/matheus/.local/share/zed/extensions/work/html
280 verbose os Linux 6.15.4-4-cachyos
281 verbose node v22.5.1
282 verbose npm  v10.8.2
283 verbose exit 0
284 info ok
