0 verbose cli /home/matheus/.local/share/zed/node/node-v22.5.1-linux-x64/bin/node /home/matheus/.local/share/zed/node/node-v22.5.1-linux-x64/bin/npm
1 info using npm@10.8.2
2 info using node@v22.5.1
3 silly config load:file:/home/matheus/.local/share/zed/node/node-v22.5.1-linux-x64/lib/node_modules/npm/npmrc
4 silly config load:file:/home/matheus/.npmrc
5 silly config load:file:/home/matheus/.local/share/zed/node/node-v22.5.1-linux-x64/blank_user_npmrc
6 silly config load:file:/home/matheus/.local/share/zed/node/node-v22.5.1-linux-x64/blank_global_npmrc
7 verbose title npm info vscode-langservers-extracted
8 verbose argv "info" "--cache" "/home/matheus/.local/share/zed/node/node-v22.5.1-linux-x64/cache" "--userconfig" "/home/matheus/.local/share/zed/node/node-v22.5.1-linux-x64/blank_user_npmrc" "--globalconfig" "/home/matheus/.local/share/zed/node/node-v22.5.1-linux-x64/blank_global_npmrc" "vscode-langservers-extracted" "--json" "--fetch-retry-mintimeout" "2000" "--fetch-retry-maxtimeout" "5000" "--fetch-timeout" "5000"
9 verbose logfile logs-max:10 dir:/home/matheus/.local/share/zed/node/node-v22.5.1-linux-x64/cache/_logs/2025-07-03T02_37_47_312Z-
10 verbose logfile /home/matheus/.local/share/zed/node/node-v22.5.1-linux-x64/cache/_logs/2025-07-03T02_37_47_312Z-debug-0.log
11 silly logfile start cleaning logs, removing 1 files
12 silly logfile done cleaning log files
13 http fetch GET 200 https://registry.npmjs.org/vscode-langservers-extracted 257ms (cache revalidated)
14 silly view {
14 silly view   '4.10.0': {
14 silly view     _id: 'vscode-langservers-extracted@4.10.0',
14 silly view     _rev: '24-eeafbef4861fcc379f74633fe15355ba',
14 silly view     name: 'vscode-langservers-extracted',
14 silly view     'dist-tags': { latest: '4.10.0' },
14 silly view     versions: [
14 silly view       '1.0.1', '1.0.2',  '2.0.0',
14 silly view       '2.1.0', '2.2.0',  '2.3.0',
14 silly view       '2.3.1', '2.4.0',  '3.0.0',
14 silly view       '3.0.1', '3.0.2',  '4.0.0',
14 silly view       '4.1.0', '4.2.1',  '4.3.0',
14 silly view       '4.4.0', '4.5.0',  '4.6.0',
14 silly view       '4.7.0', '4.7.1',  '4.8.0',
14 silly view       '4.9.0', '4.10.0'
14 silly view     ],
14 silly view     time: {
14 silly view       created: '2020-11-09T05:24:35.060Z',
14 silly view       '1.0.1': '2020-11-09T05:24:35.205Z',
14 silly view       modified: '2024-05-08T02:25:52.317Z',
14 silly view       '1.0.2': '2020-11-09T05:49:25.321Z',
14 silly view       '2.0.0': '2020-11-09T06:43:03.755Z',
14 silly view       '2.1.0': '2020-12-03T15:16:13.181Z',
14 silly view       '2.2.0': '2021-01-02T06:53:08.764Z',
14 silly view       '2.3.0': '2021-01-02T13:34:43.679Z',
14 silly view       '2.3.1': '2021-03-02T13:54:23.384Z',
14 silly view       '2.4.0': '2021-06-14T03:51:37.239Z',
14 silly view       '3.0.0': '2021-10-01T08:33:27.776Z',
14 silly view       '3.0.1': '2021-10-19T02:51:11.886Z',
14 silly view       '3.0.2': '2021-11-19T14:07:49.556Z',
14 silly view       '4.0.0': '2021-12-27T15:21:52.820Z',
14 silly view       '4.1.0': '2022-02-21T12:30:55.718Z',
14 silly view       '4.2.1': '2022-05-09T13:58:47.918Z',
14 silly view       '4.3.0': '2022-07-20T10:36:52.095Z',
14 silly view       '4.4.0': '2022-07-20T11:59:42.615Z',
14 silly view       '4.5.0': '2022-10-13T07:27:47.391Z',
14 silly view       '4.6.0': '2023-02-01T16:36:49.253Z',
14 silly view       '4.7.0': '2023-04-24T17:34:37.458Z',
14 silly view       '4.7.1': '2023-10-20T17:28:06.880Z',
14 silly view       '4.8.0': '2023-10-21T16:26:38.153Z',
14 silly view       '4.9.0': '2024-05-07T11:37:22.908Z',
14 silly view       '4.10.0': '2024-05-08T02:25:52.141Z'
14 silly view     },
14 silly view     maintainers: [ [Object] ],
14 silly view     description: 'HTML/CSS/JSON/ESLint language servers extracted from [vscode](https://github.com/Microsoft/vscode).',
14 silly view     license: 'MIT',
14 silly view     readmeFilename: 'README.md',
14 silly view     homepage: 'https://github.com/hrsh7th/vscode-langservers-extracted#readme',
14 silly view     keywords: [ 'language-server-protocol' ],
14 silly view     repository: {
14 silly view       type: 'git',
14 silly view       url: 'git+https://github.com/hrsh7th/vscode-langservers-extracted.git'
14 silly view     },
14 silly view     author: { name: 'hrsh7th' },
14 silly view     bugs: {
14 silly view       url: 'https://github.com/hrsh7th/vscode-langservers-extracted/issues'
14 silly view     },
14 silly view     users: { 'flumpus-dev': true },
14 silly view     _contentLength: 73939,
14 silly view     version: '4.10.0',
14 silly view     main: 'index.js',
14 silly view     directories: { bin: './bin' },
14 silly view     bin: {
14 silly view       'vscode-css-language-server': 'bin/vscode-css-language-server',
14 silly view       'vscode-eslint-language-server': 'bin/vscode-eslint-language-server',
14 silly view       'vscode-html-language-server': 'bin/vscode-html-language-server',
14 silly view       'vscode-json-language-server': 'bin/vscode-json-language-server',
14 silly view       'vscode-markdown-language-server': 'bin/vscode-markdown-language-server'
14 silly view     },
14 silly view     scripts: {
14 silly view       clean: 'rimraf {lib,dist}/*',
14 silly view       update: 'yarn clean && ./script/build.sh && node ./script/depcheck.js',
14 silly view       release: 'np --no-yarn',
14 silly view       test: 'echo 1'
14 silly view     },
14 silly view     devDependencies: {
14 silly view       '@babel/cli': '^7.16.0',
14 silly view       '@babel/core': '^7.16.5',
14 silly view       '@babel/preset-env': '^7.16.5',
14 silly view       np: '^7.7.0',
14 silly view       'npm-run-all': '^4.1.5',
14 silly view       rimraf: '^3.0.2'
14 silly view     },
14 silly view     dependencies: {
14 silly view       '@vscode/l10n': '^0.0.18',
14 silly view       'core-js': '^3.20.1',
14 silly view       'jsonc-parser': '^3.2.1',
14 silly view       'regenerator-runtime': '^0.13.9',
14 silly view       'request-light': '^0.7.0',
14 silly view       semver: '^7.6.1',
14 silly view       typescript: '^4.0.5',
14 silly view       'vscode-css-languageservice': '^6.2.14',
14 silly view       'vscode-html-languageservice': '^5.2.0',
14 silly view       'vscode-json-languageservice': '^5.3.11',
14 silly view       'vscode-languageserver': '^10.0.0-next.3',
14 silly view       'vscode-languageserver-textdocument': '^1.0.11',
14 silly view       'vscode-languageserver-types': '^3.17.5',
14 silly view       'vscode-markdown-languageservice': '^0.5.0-alpha.6',
14 silly view       'vscode-nls': '^5.2.0',
14 silly view       'vscode-uri': '^3.0.8'
14 silly view     },
14 silly view     gitHead: '0a7a86dd080ec1adfb61732c17ba59492719c001',
14 silly view     _nodeVersion: '20.11.1',
14 silly view     _npmVersion: '10.2.4',
14 silly view     dist: {
14 silly view       integrity: 'sha512-EFf9uQI4dAKbzMQFjDvVm1xJq1DXAQvBEuEfPGrK/xzfsL5xWTfIuRr90NgfmqwO+IEt6vLZm9EOj6R66xIifg==',
14 silly view       shasum: '420d63a4e8064ec0027436a21f315f1199b566c1',
14 silly view       tarball: 'https://registry.npmjs.org/vscode-langservers-extracted/-/vscode-langservers-extracted-4.10.0.tgz',
14 silly view       fileCount: 94,
14 silly view       unpackedSize: 847612,
14 silly view       signatures: [Array]
14 silly view     },
14 silly view     _npmUser: { name: 'hrsh7th', email: 'hrsh7th@gmail.com' },
14 silly view     _npmOperationalInternal: {
14 silly view       host: 's3://npm-registry-packages',
14 silly view       tmp: 'tmp/vscode-langservers-extracted_4.10.0_1715135151926_0.651471945034156'
14 silly view     },
14 silly view     _hasShrinkwrap: false
14 silly view   }
14 silly view }
15 verbose cwd /home/matheus
16 verbose os Linux 6.15.4-4-cachyos
17 verbose node v22.5.1
18 verbose npm  v10.8.2
19 verbose exit 0
20 info ok
