0 verbose cli /home/matheus/.local/share/zed/node/node-v22.5.1-linux-x64/bin/node /home/matheus/.local/share/zed/node/node-v22.5.1-linux-x64/bin/npm
1 info using npm@10.8.2
2 info using node@v22.5.1
3 silly config load:file:/home/matheus/.local/share/zed/node/node-v22.5.1-linux-x64/lib/node_modules/npm/npmrc
4 silly config load:file:/home/matheus/.npmrc
5 silly config load:file:/home/matheus/.local/share/zed/node/node-v22.5.1-linux-x64/blank_user_npmrc
6 silly config load:file:/home/matheus/.local/share/zed/node/node-v22.5.1-linux-x64/blank_global_npmrc
7 verbose title npm info @zed-industries/vscode-langservers-extracted
8 verbose argv "info" "--cache" "/home/matheus/.local/share/zed/node/node-v22.5.1-linux-x64/cache" "--userconfig" "/home/matheus/.local/share/zed/node/node-v22.5.1-linux-x64/blank_user_npmrc" "--globalconfig" "/home/matheus/.local/share/zed/node/node-v22.5.1-linux-x64/blank_global_npmrc" "@zed-industries/vscode-langservers-extracted" "--json" "--fetch-retry-mintimeout" "2000" "--fetch-retry-maxtimeout" "5000" "--fetch-timeout" "5000"
9 verbose logfile logs-max:10 dir:/home/matheus/.local/share/zed/node/node-v22.5.1-linux-x64/cache/_logs/2025-07-03T00_25_18_556Z-
10 verbose logfile /home/matheus/.local/share/zed/node/node-v22.5.1-linux-x64/cache/_logs/2025-07-03T00_25_18_556Z-debug-0.log
11 silly logfile done cleaning log files
12 http fetch GET 200 https://registry.npmjs.org/@zed-industries%2fvscode-langservers-extracted 276ms (cache revalidated)
13 silly view {
13 silly view   '4.10.6': {
13 silly view     _id: '@zed-industries/vscode-langservers-extracted@4.10.6',
13 silly view     _rev: '7-78a40b08f859cbee2eed55b68915a504',
13 silly view     name: '@zed-industries/vscode-langservers-extracted',
13 silly view     'dist-tags': { latest: '4.10.6' },
13 silly view     versions: [ '4.10.0', '4.10.1', '4.10.2', '4.10.4', '4.10.5', '4.10.6' ],
13 silly view     time: {
13 silly view       created: '2024-05-21T15:43:09.425Z',
13 silly view       modified: '2025-04-26T16:18:30.966Z',
13 silly view       '4.10.0': '2024-05-21T15:43:09.699Z',
13 silly view       '4.10.1': '2024-05-21T18:49:50.852Z',
13 silly view       '4.10.2': '2024-05-28T20:38:14.766Z',
13 silly view       '4.10.4': '2025-04-25T21:18:54.403Z',
13 silly view       '4.10.5': '2025-04-26T16:15:58.632Z',
13 silly view       '4.10.6': '2025-04-26T16:18:30.766Z'
13 silly view     },
13 silly view     bugs: {
13 silly view       url: 'https://github.com/hrsh7th/vscode-langservers-extracted/issues'
13 silly view     },
13 silly view     author: { name: 'hrsh7th' },
13 silly view     license: 'MIT',
13 silly view     homepage: 'https://github.com/hrsh7th/vscode-langservers-extracted#readme',
13 silly view     keywords: [ 'language-server-protocol' ],
13 silly view     repository: {
13 silly view       type: 'git',
13 silly view       url: 'git+https://github.com/hrsh7th/vscode-langservers-extracted.git'
13 silly view     },
13 silly view     description: 'HTML/CSS/JSON/ESLint language servers extracted from [vscode](https://github.com/Microsoft/vscode).',
13 silly view     maintainers: [ [Object], [Object] ],
13 silly view     readmeFilename: 'README.md',
13 silly view     _contentLength: 19604,
13 silly view     version: '4.10.6',
13 silly view     main: 'index.js',
13 silly view     directories: { bin: './bin' },
13 silly view     bin: {
13 silly view       'vscode-css-language-server': 'bin/vscode-css-language-server',
13 silly view       'vscode-eslint-language-server': 'bin/vscode-eslint-language-server',
13 silly view       'vscode-html-language-server': 'bin/vscode-html-language-server',
13 silly view       'vscode-json-language-server': 'bin/vscode-json-language-server',
13 silly view       'vscode-markdown-language-server': 'bin/vscode-markdown-language-server'
13 silly view     },
13 silly view     scripts: {
13 silly view       clean: 'rimraf {lib,dist}/*',
13 silly view       update: 'yarn clean && ./script/build.sh && node ./script/depcheck.js',
13 silly view       release: 'np --no-yarn',
13 silly view       test: 'echo 1'
13 silly view     },
13 silly view     devDependencies: {
13 silly view       '@babel/cli': '^7.24.5',
13 silly view       '@babel/core': '^7.24.5',
13 silly view       '@babel/preset-env': '^7.16.5',
13 silly view       np: '^7.7.0',
13 silly view       'npm-run-all': '^4.1.5',
13 silly view       rimraf: '^3.0.2'
13 silly view     },
13 silly view     dependencies: {
13 silly view       '@types/node': '^20.12.12',
13 silly view       '@vscode/l10n': '^0.0.18',
13 silly view       'core-js': '^3.37.1',
13 silly view       'jsonc-parser': '^3.2.1',
13 silly view       'regenerator-runtime': '^0.13.9',
13 silly view       'request-light': '^0.7.0',
13 silly view       semver: '^7.6.1',
13 silly view       typescript: '^5.4.5',
13 silly view       'vscode-css-languageservice': '^6.2.14',
13 silly view       'vscode-html-languageservice': '^5.2.0',
13 silly view       'vscode-json-languageservice': '^5.3.11',
13 silly view       '@zed-industries/vscode-languageserver': '10.0.0-next.3',
13 silly view       'vscode-languageserver-textdocument': '^1.0.11',
13 silly view       'vscode-languageserver-types': '^3.17.5',
13 silly view       'vscode-markdown-languageservice': '^0.5.0-alpha.6',
13 silly view       'vscode-nls': '^5.2.0',
13 silly view       'vscode-uri': '^3.0.8'
13 silly view     },
13 silly view     gitHead: 'addd1829fc0eb5250188e383f4e20cab10f8e272',
13 silly view     _nodeVersion: '20.19.1',
13 silly view     _npmVersion: '10.8.2',
13 silly view     dist: {
13 silly view       integrity: 'sha512-6wgY4wuD865Y1EdN7BAB1jXz3qTiXtXoUR7ZSEeovldIODLuUVM+sfRu1zc3FuqxVJ/fMQfJCIRi2LxstdLaVA==',
13 silly view       shasum: '6a812e422bafadb45d4cf36fd5709a95727ae862',
13 silly view       tarball: 'https://registry.npmjs.org/@zed-industries/vscode-langservers-extracted/-/vscode-langservers-extracted-4.10.6.tgz',
13 silly view       fileCount: 45,
13 silly view       unpackedSize: 544306,
13 silly view       signatures: [Array]
13 silly view     },
13 silly view     _npmUser: { name: 'probably-neb', email: 'ben@zed.dev' },
13 silly view     _npmOperationalInternal: {
13 silly view       host: 's3://npm-registry-packages-npm-production',
13 silly view       tmp: 'tmp/vscode-langservers-extracted_4.10.6_1745684310563_0.7776106672860224'
13 silly view     },
13 silly view     _hasShrinkwrap: false
13 silly view   }
13 silly view }
14 verbose cwd /home/matheus
15 verbose os Linux 6.15.4-4-cachyos
16 verbose node v22.5.1
17 verbose npm  v10.8.2
18 verbose exit 0
19 info ok
