0 verbose cli /home/matheus/.local/share/zed/node/node-v22.5.1-linux-x64/bin/node /home/matheus/.local/share/zed/node/node-v22.5.1-linux-x64/bin/npm
1 info using npm@10.8.2
2 info using node@v22.5.1
3 silly config load:file:/home/matheus/.local/share/zed/node/node-v22.5.1-linux-x64/lib/node_modules/npm/npmrc
4 silly config load:file:/home/matheus/.local/share/zed/languages/json-language-server/.npmrc
5 silly config load:file:/home/matheus/.local/share/zed/node/node-v22.5.1-linux-x64/blank_user_npmrc
6 silly config load:file:/home/matheus/.local/share/zed/node/node-v22.5.1-linux-x64/blank_global_npmrc
7 verbose title npm install vscode-langservers-extracted@4.10.0
8 verbose argv "install" "--cache" "/home/matheus/.local/share/zed/node/node-v22.5.1-linux-x64/cache" "--userconfig" "/home/matheus/.local/share/zed/node/node-v22.5.1-linux-x64/blank_user_npmrc" "--globalconfig" "/home/matheus/.local/share/zed/node/node-v22.5.1-linux-x64/blank_global_npmrc" "vscode-langservers-extracted@4.10.0" "--save-exact" "--fetch-retry-mintimeout" "2000" "--fetch-retry-maxtimeout" "5000" "--fetch-timeout" "5000" "--prefix" "/home/matheus/.local/share/zed/languages/json-language-server"
9 verbose logfile logs-max:10 dir:/home/matheus/.local/share/zed/node/node-v22.5.1-linux-x64/cache/_logs/2025-07-03T00_03_12_331Z-
10 verbose logfile /home/matheus/.local/share/zed/node/node-v22.5.1-linux-x64/cache/_logs/2025-07-03T00_03_12_331Z-debug-0.log
11 silly packumentCache heap:4345298944 maxSize:1086324736 maxEntrySize:543162368
12 silly logfile done cleaning log files
13 silly idealTree buildDeps
14 silly fetch manifest vscode-langservers-extracted@4.10.0
15 silly packumentCache full:https://registry.npmjs.org/vscode-langservers-extracted cache-miss
16 http fetch GET 200 https://registry.npmjs.org/vscode-langservers-extracted 17ms (cache hit)
17 silly packumentCache full:https://registry.npmjs.org/vscode-langservers-extracted set size:73939 disposed:false
18 silly placeDep ROOT vscode-langservers-extracted@4.10.0 OK for:  want: 4.10.0
19 silly fetch manifest @vscode/l10n@^0.0.18
20 silly packumentCache full:https://registry.npmjs.org/@vscode%2fl10n cache-miss
21 silly fetch manifest core-js@^3.20.1
22 silly packumentCache full:https://registry.npmjs.org/core-js cache-miss
23 silly fetch manifest jsonc-parser@^3.2.1
24 silly packumentCache full:https://registry.npmjs.org/jsonc-parser cache-miss
25 silly fetch manifest regenerator-runtime@^0.13.9
26 silly packumentCache full:https://registry.npmjs.org/regenerator-runtime cache-miss
27 silly fetch manifest request-light@^0.7.0
28 silly packumentCache full:https://registry.npmjs.org/request-light cache-miss
29 silly fetch manifest semver@^7.6.1
30 silly packumentCache full:https://registry.npmjs.org/semver cache-miss
31 silly fetch manifest typescript@^4.0.5
32 silly packumentCache full:https://registry.npmjs.org/typescript cache-miss
33 silly fetch manifest vscode-css-languageservice@^6.2.14
34 silly packumentCache full:https://registry.npmjs.org/vscode-css-languageservice cache-miss
35 silly fetch manifest vscode-html-languageservice@^5.2.0
36 silly packumentCache full:https://registry.npmjs.org/vscode-html-languageservice cache-miss
37 silly fetch manifest vscode-json-languageservice@^5.3.11
38 silly packumentCache full:https://registry.npmjs.org/vscode-json-languageservice cache-miss
39 silly fetch manifest vscode-languageserver@^10.0.0-next.3
40 silly packumentCache full:https://registry.npmjs.org/vscode-languageserver cache-miss
41 silly fetch manifest vscode-languageserver-textdocument@^1.0.11
42 silly packumentCache full:https://registry.npmjs.org/vscode-languageserver-textdocument cache-miss
43 silly fetch manifest vscode-languageserver-types@^3.17.5
44 silly packumentCache full:https://registry.npmjs.org/vscode-languageserver-types cache-miss
45 silly fetch manifest vscode-markdown-languageservice@^0.5.0-alpha.6
46 silly packumentCache full:https://registry.npmjs.org/vscode-markdown-languageservice cache-miss
47 silly fetch manifest vscode-nls@^5.2.0
48 silly packumentCache full:https://registry.npmjs.org/vscode-nls cache-miss
49 silly fetch manifest vscode-uri@^3.0.8
50 silly packumentCache full:https://registry.npmjs.org/vscode-uri cache-miss
51 http fetch GET 200 https://registry.npmjs.org/request-light 373ms (cache miss)
52 silly packumentCache full:https://registry.npmjs.org/request-light set size:undefined disposed:false
53 http fetch GET 200 https://registry.npmjs.org/vscode-uri 370ms (cache miss)
54 silly packumentCache full:https://registry.npmjs.org/vscode-uri set size:undefined disposed:false
55 http fetch GET 200 https://registry.npmjs.org/regenerator-runtime 381ms (cache miss)
56 silly packumentCache full:https://registry.npmjs.org/regenerator-runtime set size:undefined disposed:false
57 http fetch GET 200 https://registry.npmjs.org/@vscode%2fl10n 389ms (cache miss)
58 silly packumentCache full:https://registry.npmjs.org/@vscode%2fl10n set size:undefined disposed:false
59 http fetch GET 200 https://registry.npmjs.org/jsonc-parser 388ms (cache miss)
60 silly packumentCache full:https://registry.npmjs.org/jsonc-parser set size:undefined disposed:false
61 http fetch GET 200 https://registry.npmjs.org/vscode-languageserver-textdocument 386ms (cache miss)
62 silly packumentCache full:https://registry.npmjs.org/vscode-languageserver-textdocument set size:undefined disposed:false
63 http fetch GET 200 https://registry.npmjs.org/vscode-nls 386ms (cache miss)
64 silly packumentCache full:https://registry.npmjs.org/vscode-nls set size:undefined disposed:false
65 http fetch GET 200 https://registry.npmjs.org/vscode-markdown-languageservice 398ms (cache miss)
66 silly packumentCache full:https://registry.npmjs.org/vscode-markdown-languageservice set size:undefined disposed:false
67 http fetch GET 200 https://registry.npmjs.org/semver 410ms (cache miss)
68 silly packumentCache full:https://registry.npmjs.org/semver set size:undefined disposed:false
69 http fetch GET 200 https://registry.npmjs.org/vscode-languageserver-types 415ms (cache miss)
70 silly packumentCache full:https://registry.npmjs.org/vscode-languageserver-types set size:undefined disposed:false
71 http fetch GET 200 https://registry.npmjs.org/vscode-html-languageservice 427ms (cache miss)
72 silly packumentCache full:https://registry.npmjs.org/vscode-html-languageservice set size:undefined disposed:false
73 http fetch GET 200 https://registry.npmjs.org/core-js 442ms (cache miss)
74 silly packumentCache full:https://registry.npmjs.org/core-js set size:undefined disposed:false
75 http fetch GET 200 https://registry.npmjs.org/vscode-css-languageservice 447ms (cache miss)
76 silly packumentCache full:https://registry.npmjs.org/vscode-css-languageservice set size:undefined disposed:false
77 http fetch GET 200 https://registry.npmjs.org/vscode-json-languageservice 454ms (cache miss)
78 silly packumentCache full:https://registry.npmjs.org/vscode-json-languageservice set size:undefined disposed:false
79 http fetch GET 200 https://registry.npmjs.org/typescript 603ms (cache miss)
80 silly packumentCache full:https://registry.npmjs.org/typescript set size:undefined disposed:false
81 http fetch GET 200 https://registry.npmjs.org/vscode-languageserver 968ms (cache miss)
82 silly packumentCache full:https://registry.npmjs.org/vscode-languageserver set size:undefined disposed:false
83 silly placeDep ROOT @vscode/l10n@0.0.18 OK for: vscode-langservers-extracted@4.10.0 want: ^0.0.18
84 silly placeDep ROOT core-js@3.43.0 OK for: vscode-langservers-extracted@4.10.0 want: ^3.20.1
85 silly placeDep ROOT jsonc-parser@3.3.1 OK for: vscode-langservers-extracted@4.10.0 want: ^3.2.1
86 silly placeDep ROOT regenerator-runtime@0.13.11 OK for: vscode-langservers-extracted@4.10.0 want: ^0.13.9
87 silly placeDep ROOT request-light@0.7.0 OK for: vscode-langservers-extracted@4.10.0 want: ^0.7.0
88 silly placeDep ROOT semver@7.7.2 OK for: vscode-langservers-extracted@4.10.0 want: ^7.6.1
89 silly placeDep ROOT typescript@4.9.5 OK for: vscode-langservers-extracted@4.10.0 want: ^4.0.5
90 silly placeDep ROOT vscode-css-languageservice@6.3.7 OK for: vscode-langservers-extracted@4.10.0 want: ^6.2.14
91 silly placeDep ROOT vscode-html-languageservice@5.5.1 OK for: vscode-langservers-extracted@4.10.0 want: ^5.2.0
92 silly placeDep ROOT vscode-json-languageservice@5.6.1 OK for: vscode-langservers-extracted@4.10.0 want: ^5.3.11
93 silly placeDep ROOT vscode-languageserver@10.0.0-next.13 OK for: vscode-langservers-extracted@4.10.0 want: ^10.0.0-next.3
94 silly placeDep ROOT vscode-languageserver-textdocument@1.0.12 OK for: vscode-langservers-extracted@4.10.0 want: ^1.0.11
95 silly placeDep ROOT vscode-languageserver-types@3.17.5 OK for: vscode-langservers-extracted@4.10.0 want: ^3.17.5
96 silly placeDep ROOT vscode-markdown-languageservice@0.5.0-alpha.10 OK for: vscode-langservers-extracted@4.10.0 want: ^0.5.0-alpha.6
97 silly placeDep ROOT vscode-nls@5.2.0 OK for: vscode-langservers-extracted@4.10.0 want: ^5.2.0
98 silly placeDep ROOT vscode-uri@3.1.0 OK for: vscode-langservers-extracted@4.10.0 want: ^3.0.8
99 silly fetch manifest vscode-languageserver-textdocument@^1.0.12
100 silly packumentCache full:https://registry.npmjs.org/vscode-languageserver-textdocument cache-miss
101 silly fetch manifest vscode-languageserver-types@3.17.5
102 silly packumentCache full:https://registry.npmjs.org/vscode-languageserver-types cache-miss
103 silly fetch manifest vscode-uri@^3.1.0
104 silly packumentCache full:https://registry.npmjs.org/vscode-uri cache-miss
105 silly fetch manifest vscode-languageserver-textdocument@^1.0.12
106 silly packumentCache full:https://registry.npmjs.org/vscode-languageserver-textdocument cache-miss
107 silly fetch manifest vscode-uri@^3.1.0
108 silly packumentCache full:https://registry.npmjs.org/vscode-uri cache-miss
109 silly fetch manifest vscode-languageserver-textdocument@^1.0.12
110 silly packumentCache full:https://registry.npmjs.org/vscode-languageserver-textdocument cache-miss
111 silly fetch manifest vscode-uri@^3.1.0
112 silly packumentCache full:https://registry.npmjs.org/vscode-uri cache-miss
113 silly fetch manifest vscode-languageserver-protocol@3.17.6-next.13
114 silly packumentCache full:https://registry.npmjs.org/vscode-languageserver-protocol cache-miss
115 silly fetch manifest @vscode/l10n@^0.0.10
116 silly packumentCache full:https://registry.npmjs.org/@vscode%2fl10n cache-miss
117 silly fetch manifest node-html-parser@^6.1.5
118 silly packumentCache full:https://registry.npmjs.org/node-html-parser cache-miss
119 silly fetch manifest picomatch@^2.3.1
120 silly packumentCache full:https://registry.npmjs.org/picomatch cache-miss
121 silly fetch manifest vscode-languageserver-protocol@^3.17.1
122 silly packumentCache full:https://registry.npmjs.org/vscode-languageserver-protocol cache-miss
123 silly fetch manifest vscode-uri@^3.0.7
124 silly packumentCache full:https://registry.npmjs.org/vscode-uri cache-miss
125 http fetch GET 200 https://registry.npmjs.org/vscode-languageserver-textdocument 51ms (cache hit)
126 silly packumentCache full:https://registry.npmjs.org/vscode-languageserver-textdocument set size:66497 disposed:false
127 http fetch GET 200 https://registry.npmjs.org/vscode-languageserver-types 52ms (cache hit)
128 silly packumentCache full:https://registry.npmjs.org/vscode-languageserver-types set size:307546 disposed:false
129 http fetch GET 200 https://registry.npmjs.org/vscode-uri 55ms (cache hit)
130 silly packumentCache full:https://registry.npmjs.org/vscode-uri set size:75563 disposed:false
131 http fetch GET 200 https://registry.npmjs.org/vscode-uri 56ms (cache hit)
132 silly packumentCache full:https://registry.npmjs.org/vscode-uri set size:75563 disposed:false
133 silly packumentCache full:https://registry.npmjs.org/vscode-uri dispose
134 http fetch GET 200 https://registry.npmjs.org/@vscode%2fl10n 57ms (cache hit)
135 silly packumentCache full:https://registry.npmjs.org/@vscode%2fl10n set size:58396 disposed:false
136 http fetch GET 200 https://registry.npmjs.org/vscode-uri 56ms (cache hit)
137 silly packumentCache full:https://registry.npmjs.org/vscode-uri set size:75563 disposed:true
138 silly packumentCache full:https://registry.npmjs.org/vscode-uri dispose
139 http fetch GET 200 https://registry.npmjs.org/vscode-uri 62ms (cache hit)
140 silly packumentCache full:https://registry.npmjs.org/vscode-uri set size:75563 disposed:true
141 silly packumentCache full:https://registry.npmjs.org/vscode-uri dispose
142 http fetch GET 200 https://registry.npmjs.org/vscode-languageserver-textdocument 67ms (cache hit)
143 silly packumentCache full:https://registry.npmjs.org/vscode-languageserver-textdocument set size:66497 disposed:false
144 silly packumentCache full:https://registry.npmjs.org/vscode-languageserver-textdocument dispose
145 http fetch GET 200 https://registry.npmjs.org/vscode-languageserver-textdocument 69ms (cache hit)
146 silly packumentCache full:https://registry.npmjs.org/vscode-languageserver-textdocument set size:66497 disposed:true
147 silly packumentCache full:https://registry.npmjs.org/vscode-languageserver-textdocument dispose
148 http fetch GET 200 https://registry.npmjs.org/picomatch 84ms (cache miss)
149 silly packumentCache full:https://registry.npmjs.org/picomatch set size:undefined disposed:false
150 http fetch GET 200 https://registry.npmjs.org/vscode-languageserver-protocol 92ms (cache miss)
151 silly packumentCache full:https://registry.npmjs.org/vscode-languageserver-protocol set size:undefined disposed:false
152 http fetch GET 200 https://registry.npmjs.org/node-html-parser 97ms (cache miss)
153 silly packumentCache full:https://registry.npmjs.org/node-html-parser set size:undefined disposed:false
154 http fetch GET 200 https://registry.npmjs.org/vscode-languageserver-protocol 104ms (cache miss)
155 silly packumentCache full:https://registry.npmjs.org/vscode-languageserver-protocol set size:undefined disposed:false
156 silly placeDep ROOT vscode-languageserver-protocol@3.17.6-next.13 OK for: vscode-languageserver@10.0.0-next.13 want: 3.17.6-next.13
157 silly fetch manifest vscode-jsonrpc@9.0.0-next.8
158 silly packumentCache full:https://registry.npmjs.org/vscode-jsonrpc cache-miss
159 silly fetch manifest vscode-languageserver-types@3.17.6-next.6
160 silly packumentCache full:https://registry.npmjs.org/vscode-languageserver-types cache-hit
161 http fetch GET 200 https://registry.npmjs.org/vscode-jsonrpc 127ms (cache miss)
162 silly packumentCache full:https://registry.npmjs.org/vscode-jsonrpc set size:undefined disposed:false
163 silly placeDep ROOT vscode-jsonrpc@9.0.0-next.8 OK for: vscode-languageserver-protocol@3.17.6-next.13 want: 9.0.0-next.8
164 silly placeDep node_modules/vscode-languageserver-protocol vscode-languageserver-types@3.17.6-next.6 OK for: vscode-languageserver-protocol@3.17.6-next.13 want: 3.17.6-next.6
165 silly placeDep node_modules/vscode-markdown-languageservice @vscode/l10n@0.0.10 OK for: vscode-markdown-languageservice@0.5.0-alpha.10 want: ^0.0.10
166 silly placeDep ROOT node-html-parser@6.1.13 OK for: vscode-markdown-languageservice@0.5.0-alpha.10 want: ^6.1.5
167 silly placeDep ROOT picomatch@2.3.1 OK for: vscode-markdown-languageservice@0.5.0-alpha.10 want: ^2.3.1
168 silly placeDep node_modules/vscode-markdown-languageservice vscode-languageserver-protocol@3.17.5 OK for: vscode-markdown-languageservice@0.5.0-alpha.10 want: ^3.17.1
169 silly fetch manifest he@1.2.0
170 silly packumentCache full:https://registry.npmjs.org/he cache-miss
171 silly fetch manifest css-select@^5.1.0
172 silly packumentCache full:https://registry.npmjs.org/css-select cache-miss
173 silly fetch manifest vscode-jsonrpc@8.2.0
174 silly packumentCache full:https://registry.npmjs.org/vscode-jsonrpc cache-miss
175 http fetch GET 200 https://registry.npmjs.org/vscode-jsonrpc 13ms (cache hit)
176 silly packumentCache full:https://registry.npmjs.org/vscode-jsonrpc set size:373323 disposed:false
177 http fetch GET 200 https://registry.npmjs.org/css-select 64ms (cache miss)
178 silly packumentCache full:https://registry.npmjs.org/css-select set size:undefined disposed:false
179 http fetch GET 200 https://registry.npmjs.org/he 67ms (cache miss)
180 silly packumentCache full:https://registry.npmjs.org/he set size:undefined disposed:false
181 silly placeDep ROOT css-select@5.2.2 OK for: node-html-parser@6.1.13 want: ^5.1.0
182 silly placeDep ROOT he@1.2.0 OK for: node-html-parser@6.1.13 want: 1.2.0
183 silly fetch manifest boolbase@^1.0.0
184 silly packumentCache full:https://registry.npmjs.org/boolbase cache-miss
185 silly fetch manifest css-what@^6.1.0
186 silly packumentCache full:https://registry.npmjs.org/css-what cache-miss
187 silly fetch manifest domutils@^3.0.1
188 silly packumentCache full:https://registry.npmjs.org/domutils cache-miss
189 silly fetch manifest nth-check@^2.0.1
190 silly packumentCache full:https://registry.npmjs.org/nth-check cache-miss
191 silly fetch manifest domhandler@^5.0.2
192 silly packumentCache full:https://registry.npmjs.org/domhandler cache-miss
193 http fetch GET 200 https://registry.npmjs.org/css-what 53ms (cache miss)
194 silly packumentCache full:https://registry.npmjs.org/css-what set size:undefined disposed:false
195 http fetch GET 200 https://registry.npmjs.org/boolbase 58ms (cache miss)
196 silly packumentCache full:https://registry.npmjs.org/boolbase set size:undefined disposed:false
197 http fetch GET 200 https://registry.npmjs.org/nth-check 72ms (cache miss)
198 silly packumentCache full:https://registry.npmjs.org/nth-check set size:undefined disposed:false
199 http fetch GET 200 https://registry.npmjs.org/domutils 74ms (cache miss)
200 silly packumentCache full:https://registry.npmjs.org/domutils set size:undefined disposed:false
201 http fetch GET 200 https://registry.npmjs.org/domhandler 84ms (cache miss)
202 silly packumentCache full:https://registry.npmjs.org/domhandler set size:undefined disposed:false
203 silly placeDep ROOT boolbase@1.0.0 OK for: css-select@5.2.2 want: ^1.0.0
204 silly placeDep ROOT css-what@6.2.2 OK for: css-select@5.2.2 want: ^6.1.0
205 silly placeDep ROOT domhandler@5.0.3 OK for: css-select@5.2.2 want: ^5.0.2
206 silly placeDep ROOT domutils@3.2.2 OK for: css-select@5.2.2 want: ^3.0.1
207 silly placeDep ROOT nth-check@2.1.1 OK for: css-select@5.2.2 want: ^2.0.1
208 silly fetch manifest domelementtype@^2.3.0
209 silly packumentCache full:https://registry.npmjs.org/domelementtype cache-miss
210 silly fetch manifest dom-serializer@^2.0.0
211 silly packumentCache full:https://registry.npmjs.org/dom-serializer cache-miss
212 silly fetch manifest domelementtype@^2.3.0
213 silly packumentCache full:https://registry.npmjs.org/domelementtype cache-miss
214 http fetch GET 200 https://registry.npmjs.org/domelementtype 51ms (cache miss)
215 silly packumentCache full:https://registry.npmjs.org/domelementtype set size:undefined disposed:false
216 http fetch GET 200 https://registry.npmjs.org/dom-serializer 63ms (cache miss)
217 silly packumentCache full:https://registry.npmjs.org/dom-serializer set size:undefined disposed:false
218 http fetch GET 200 https://registry.npmjs.org/domelementtype 89ms (cache miss)
219 silly packumentCache full:https://registry.npmjs.org/domelementtype set size:undefined disposed:false
220 silly placeDep ROOT domelementtype@2.3.0 OK for: domhandler@5.0.3 want: ^2.3.0
221 silly placeDep ROOT dom-serializer@2.0.0 OK for: domutils@3.2.2 want: ^2.0.0
222 silly fetch manifest entities@^4.2.0
223 silly packumentCache full:https://registry.npmjs.org/entities cache-miss
224 http fetch GET 200 https://registry.npmjs.org/entities 55ms (cache miss)
225 silly packumentCache full:https://registry.npmjs.org/entities set size:undefined disposed:false
226 silly placeDep ROOT entities@4.5.0 OK for: dom-serializer@2.0.0 want: ^4.2.0
227 silly placeDep node_modules/vscode-markdown-languageservice vscode-jsonrpc@8.2.0 OK for: vscode-languageserver-protocol@3.17.5 want: 8.2.0
228 silly reify moves {}
229 silly tarball no local data for entities@https://registry.npmjs.org/entities/-/entities-4.5.0.tgz. Extracting by manifest.
230 silly tarball no local data for dom-serializer@https://registry.npmjs.org/dom-serializer/-/dom-serializer-2.0.0.tgz. Extracting by manifest.
231 silly tarball no local data for domutils@https://registry.npmjs.org/domutils/-/domutils-3.2.2.tgz. Extracting by manifest.
232 silly tarball no local data for nth-check@https://registry.npmjs.org/nth-check/-/nth-check-2.1.1.tgz. Extracting by manifest.
233 silly tarball no local data for domhandler@https://registry.npmjs.org/domhandler/-/domhandler-5.0.3.tgz. Extracting by manifest.
234 silly tarball no local data for domelementtype@https://registry.npmjs.org/domelementtype/-/domelementtype-2.3.0.tgz. Extracting by manifest.
235 silly tarball no local data for css-what@https://registry.npmjs.org/css-what/-/css-what-6.2.2.tgz. Extracting by manifest.
236 silly tarball no local data for boolbase@https://registry.npmjs.org/boolbase/-/boolbase-1.0.0.tgz. Extracting by manifest.
237 silly tarball no local data for css-select@https://registry.npmjs.org/css-select/-/css-select-5.2.2.tgz. Extracting by manifest.
238 silly tarball no local data for he@https://registry.npmjs.org/he/-/he-1.2.0.tgz. Extracting by manifest.
239 silly tarball no local data for node-html-parser@https://registry.npmjs.org/node-html-parser/-/node-html-parser-6.1.13.tgz. Extracting by manifest.
240 silly tarball no local data for vscode-languageserver-protocol@https://registry.npmjs.org/vscode-languageserver-protocol/-/vscode-languageserver-protocol-3.17.6-next.13.tgz. Extracting by manifest.
241 silly tarball no local data for picomatch@https://registry.npmjs.org/picomatch/-/picomatch-2.3.1.tgz. Extracting by manifest.
242 silly tarball no local data for vscode-jsonrpc@https://registry.npmjs.org/vscode-jsonrpc/-/vscode-jsonrpc-9.0.0-next.8.tgz. Extracting by manifest.
243 silly tarball no local data for vscode-uri@https://registry.npmjs.org/vscode-uri/-/vscode-uri-3.1.0.tgz. Extracting by manifest.
244 silly tarball no local data for vscode-nls@https://registry.npmjs.org/vscode-nls/-/vscode-nls-5.2.0.tgz. Extracting by manifest.
245 silly tarball no local data for vscode-markdown-languageservice@https://registry.npmjs.org/vscode-markdown-languageservice/-/vscode-markdown-languageservice-0.5.0-alpha.10.tgz. Extracting by manifest.
246 silly tarball no local data for vscode-languageserver-types@https://registry.npmjs.org/vscode-languageserver-types/-/vscode-languageserver-types-3.17.5.tgz. Extracting by manifest.
247 silly tarball no local data for vscode-languageserver-textdocument@https://registry.npmjs.org/vscode-languageserver-textdocument/-/vscode-languageserver-textdocument-1.0.12.tgz. Extracting by manifest.
248 silly tarball no local data for vscode-json-languageservice@https://registry.npmjs.org/vscode-json-languageservice/-/vscode-json-languageservice-5.6.1.tgz. Extracting by manifest.
249 silly tarball no local data for vscode-languageserver@https://registry.npmjs.org/vscode-languageserver/-/vscode-languageserver-10.0.0-next.13.tgz. Extracting by manifest.
250 silly tarball no local data for vscode-css-languageservice@https://registry.npmjs.org/vscode-css-languageservice/-/vscode-css-languageservice-6.3.7.tgz. Extracting by manifest.
251 silly tarball no local data for vscode-html-languageservice@https://registry.npmjs.org/vscode-html-languageservice/-/vscode-html-languageservice-5.5.1.tgz. Extracting by manifest.
252 silly tarball no local data for typescript@https://registry.npmjs.org/typescript/-/typescript-4.9.5.tgz. Extracting by manifest.
253 silly tarball no local data for semver@https://registry.npmjs.org/semver/-/semver-7.7.2.tgz. Extracting by manifest.
254 silly tarball no local data for request-light@https://registry.npmjs.org/request-light/-/request-light-0.7.0.tgz. Extracting by manifest.
255 silly tarball no local data for jsonc-parser@https://registry.npmjs.org/jsonc-parser/-/jsonc-parser-3.3.1.tgz. Extracting by manifest.
256 silly tarball no local data for regenerator-runtime@https://registry.npmjs.org/regenerator-runtime/-/regenerator-runtime-0.13.11.tgz. Extracting by manifest.
257 silly tarball no local data for core-js@https://registry.npmjs.org/core-js/-/core-js-3.43.0.tgz. Extracting by manifest.
258 silly tarball no local data for @vscode/l10n@https://registry.npmjs.org/@vscode/l10n/-/l10n-0.0.18.tgz. Extracting by manifest.
259 silly tarball no local data for vscode-langservers-extracted@https://registry.npmjs.org/vscode-langservers-extracted/-/vscode-langservers-extracted-4.10.0.tgz. Extracting by manifest.
260 silly tarball no local data for vscode-languageserver-types@https://registry.npmjs.org/vscode-languageserver-types/-/vscode-languageserver-types-3.17.6-next.6.tgz. Extracting by manifest.
261 silly tarball no local data for vscode-jsonrpc@https://registry.npmjs.org/vscode-jsonrpc/-/vscode-jsonrpc-8.2.0.tgz. Extracting by manifest.
262 silly tarball no local data for @vscode/l10n@https://registry.npmjs.org/@vscode/l10n/-/l10n-0.0.10.tgz. Extracting by manifest.
263 silly tarball no local data for vscode-languageserver-protocol@https://registry.npmjs.org/vscode-languageserver-protocol/-/vscode-languageserver-protocol-3.17.5.tgz. Extracting by manifest.
264 http fetch GET 200 https://registry.npmjs.org/boolbase/-/boolbase-1.0.0.tgz 158ms (cache miss)
265 http fetch GET 200 https://registry.npmjs.org/dom-serializer/-/dom-serializer-2.0.0.tgz 167ms (cache miss)
266 http fetch GET 200 https://registry.npmjs.org/picomatch/-/picomatch-2.3.1.tgz 165ms (cache miss)
267 http fetch GET 200 https://registry.npmjs.org/domelementtype/-/domelementtype-2.3.0.tgz 173ms (cache miss)
268 http fetch GET 200 https://registry.npmjs.org/he/-/he-1.2.0.tgz 177ms (cache miss)
269 http fetch GET 200 https://registry.npmjs.org/vscode-languageserver-textdocument/-/vscode-languageserver-textdocument-1.0.12.tgz 190ms (cache miss)
270 http fetch GET 200 https://registry.npmjs.org/domhandler/-/domhandler-5.0.3.tgz 209ms (cache miss)
271 http fetch GET 200 https://registry.npmjs.org/nth-check/-/nth-check-2.1.1.tgz 233ms (cache miss)
272 http fetch GET 200 https://registry.npmjs.org/css-what/-/css-what-6.2.2.tgz 238ms (cache miss)
273 http fetch GET 200 https://registry.npmjs.org/request-light/-/request-light-0.7.0.tgz 265ms (cache miss)
274 http fetch GET 200 https://registry.npmjs.org/regenerator-runtime/-/regenerator-runtime-0.13.11.tgz 265ms (cache miss)
275 http fetch GET 200 https://registry.npmjs.org/node-html-parser/-/node-html-parser-6.1.13.tgz 288ms (cache miss)
276 http fetch GET 200 https://registry.npmjs.org/vscode-uri/-/vscode-uri-3.1.0.tgz 291ms (cache miss)
277 http fetch GET 200 https://registry.npmjs.org/@vscode/l10n/-/l10n-0.0.18.tgz 300ms (cache miss)
278 http fetch GET 200 https://registry.npmjs.org/vscode-languageserver-types/-/vscode-languageserver-types-3.17.5.tgz 324ms (cache miss)
279 http fetch GET 200 https://registry.npmjs.org/vscode-nls/-/vscode-nls-5.2.0.tgz 329ms (cache miss)
280 http fetch GET 200 https://registry.npmjs.org/vscode-languageserver-types/-/vscode-languageserver-types-3.17.6-next.6.tgz 342ms (cache miss)
281 http fetch GET 200 https://registry.npmjs.org/vscode-jsonrpc/-/vscode-jsonrpc-9.0.0-next.8.tgz 359ms (cache miss)
282 http fetch GET 200 https://registry.npmjs.org/@vscode/l10n/-/l10n-0.0.10.tgz 351ms (cache miss)
283 http fetch GET 200 https://registry.npmjs.org/domutils/-/domutils-3.2.2.tgz 384ms (cache miss)
284 http fetch GET 200 https://registry.npmjs.org/semver/-/semver-7.7.2.tgz 377ms (cache miss)
285 http fetch GET 200 https://registry.npmjs.org/vscode-markdown-languageservice/-/vscode-markdown-languageservice-0.5.0-alpha.10.tgz 386ms (cache miss)
286 http fetch GET 200 https://registry.npmjs.org/jsonc-parser/-/jsonc-parser-3.3.1.tgz 383ms (cache miss)
287 http fetch GET 200 https://registry.npmjs.org/vscode-languageserver-protocol/-/vscode-languageserver-protocol-3.17.6-next.13.tgz 404ms (cache miss)
288 http fetch GET 200 https://registry.npmjs.org/entities/-/entities-4.5.0.tgz 419ms (cache miss)
289 http fetch GET 200 https://registry.npmjs.org/vscode-jsonrpc/-/vscode-jsonrpc-8.2.0.tgz 399ms (cache miss)
290 http fetch GET 200 https://registry.npmjs.org/vscode-languageserver/-/vscode-languageserver-10.0.0-next.13.tgz 410ms (cache miss)
291 http fetch GET 200 https://registry.npmjs.org/vscode-json-languageservice/-/vscode-json-languageservice-5.6.1.tgz 439ms (cache miss)
292 http fetch GET 200 https://registry.npmjs.org/css-select/-/css-select-5.2.2.tgz 445ms (cache miss)
293 http fetch GET 200 https://registry.npmjs.org/vscode-languageserver-protocol/-/vscode-languageserver-protocol-3.17.5.tgz 434ms (cache miss)
294 http fetch GET 200 https://registry.npmjs.org/vscode-langservers-extracted/-/vscode-langservers-extracted-4.10.0.tgz 498ms (cache miss)
295 http fetch GET 200 https://registry.npmjs.org/vscode-html-languageservice/-/vscode-html-languageservice-5.5.1.tgz 508ms (cache miss)
296 http fetch GET 200 https://registry.npmjs.org/vscode-css-languageservice/-/vscode-css-languageservice-6.3.7.tgz 552ms (cache miss)
297 http fetch GET 200 https://registry.npmjs.org/core-js/-/core-js-3.43.0.tgz 1557ms (cache miss)
298 http fetch GET 200 https://registry.npmjs.org/typescript/-/typescript-4.9.5.tgz 1643ms (cache miss)
299 info run core-js@3.43.0 postinstall node_modules/core-js node -e "try{require('./postinstall')}catch(e){}"
300 info run core-js@3.43.0 postinstall { code: 0, signal: null }
301 silly ADD node_modules/entities
302 silly ADD node_modules/dom-serializer
303 silly ADD node_modules/domelementtype
304 silly ADD node_modules/nth-check
305 silly ADD node_modules/domutils
306 silly ADD node_modules/domhandler
307 silly ADD node_modules/css-what
308 silly ADD node_modules/boolbase
309 silly ADD node_modules/he
310 silly ADD node_modules/css-select
311 silly ADD node_modules/picomatch
312 silly ADD node_modules/node-html-parser
313 silly ADD node_modules/vscode-jsonrpc
314 silly ADD node_modules/vscode-languageserver-protocol
315 silly ADD node_modules/vscode-languageserver-protocol/node_modules/vscode-languageserver-types
316 silly ADD node_modules/vscode-uri
317 silly ADD node_modules/vscode-nls
318 silly ADD node_modules/vscode-markdown-languageservice
319 silly ADD node_modules/vscode-markdown-languageservice/node_modules/vscode-jsonrpc
320 silly ADD node_modules/vscode-markdown-languageservice/node_modules/vscode-languageserver-protocol
321 silly ADD node_modules/vscode-markdown-languageservice/node_modules/@vscode/l10n
322 silly ADD node_modules/vscode-languageserver-types
323 silly ADD node_modules/vscode-languageserver-textdocument
324 silly ADD node_modules/vscode-languageserver
325 silly ADD node_modules/vscode-json-languageservice
326 silly ADD node_modules/vscode-html-languageservice
327 silly ADD node_modules/vscode-css-languageservice
328 silly ADD node_modules/typescript
329 silly ADD node_modules/semver
330 silly ADD node_modules/request-light
331 silly ADD node_modules/regenerator-runtime
332 silly ADD node_modules/jsonc-parser
333 silly ADD node_modules/core-js
334 silly ADD node_modules/@vscode/l10n
335 silly ADD node_modules/vscode-langservers-extracted
336 verbose cwd /home/matheus/.local/share/zed/languages/json-language-server
337 verbose os Linux 6.15.4-4-cachyos
338 verbose node v22.5.1
339 verbose npm  v10.8.2
340 verbose exit 0
341 info ok
